2022-05-09T18:39:13+00:00 CRITICAL Maximum execution time of 30 seconds exceeded, em /home/wilson/projetos/laurenpapelaria/wp-content/plugins/woocommerce/includes/class-wc-customer.php, na linha 47

2022-05-09T21:10:30+00:00 CRITICAL syntax error, unexpected 'endif' (T_ENDIF), expecting end of file, em /home/wilson/projetos/laurenpapelaria/wp-content/plugins/woocommerce/templates/single-product/related.php, na linha 80

2022-05-09T21:41:50+00:00 CRITICAL syntax error, unexpected end of file, em /home/wilson/projetos/laurenpapelaria/wp-content/plugins/woocommerce/templates/archive-product.php, na linha 101

2022-05-09T21:42:10+00:00 CRITICAL Uncaught Error: Function name must be a string in /home/wilson/projetos/laurenpapelaria/wp-content/plugins/woocommerce/templates/archive-product.php:56
Stack trace:
#0 /home/wilson/projetos/laurenpapelaria/wp-content/plugins/woocommerce/includes/wc-core-functions.php(345): include()
#1 /home/wilson/projetos/laurenpapelaria/wp-content/plugins/woocommerce/templates/taxonomy-product-cat.php(22): wc_get_template()
#2 /home/wilson/projetos/laurenpapelaria/wp-includes/template-loader.php(106): include('/home/wilson/pr...')
#3 /home/wilson/projetos/laurenpapelaria/wp-blog-header.php(19): require_once('/home/wilson/pr...')
#4 /home/wilson/projetos/laurenpapelaria/index.php(17): require('/home/wilson/pr...')
#5 {main}
  thrown, em /home/wilson/projetos/laurenpapelaria/wp-content/plugins/woocommerce/templates/archive-product.php, na linha 56

2022-05-09T21:42:24+00:00 CRITICAL Uncaught Error: Function name must be a string in /home/wilson/projetos/laurenpapelaria/wp-content/plugins/woocommerce/templates/archive-product.php:56
Stack trace:
#0 /home/wilson/projetos/laurenpapelaria/wp-content/plugins/woocommerce/includes/wc-core-functions.php(345): include()
#1 /home/wilson/projetos/laurenpapelaria/wp-content/plugins/woocommerce/templates/taxonomy-product-cat.php(22): wc_get_template()
#2 /home/wilson/projetos/laurenpapelaria/wp-includes/template-loader.php(106): include('/home/wilson/pr...')
#3 /home/wilson/projetos/laurenpapelaria/wp-blog-header.php(19): require_once('/home/wilson/pr...')
#4 /home/wilson/projetos/laurenpapelaria/index.php(17): require('/home/wilson/pr...')
#5 {main}
  thrown, em /home/wilson/projetos/laurenpapelaria/wp-content/plugins/woocommerce/templates/archive-product.php, na linha 56

