05-19-2022 @ 23:44:22 - Weight and cubage of the order: Array
(
    [weight] => 0
    [height] => 16
    [width] => 16
    [length] => 16
)

05-19-2022 @ 23:44:22 - Requesting Correios WebServices: http://ws.correios.com.br/calculador/CalcPrecoPrazo.aspx?nCdServico=04510&nCdEmpresa&sDsSenha&sCepDestino=13172683&sCepOrigem=13177432&nVlAltura=16&nVlLargura=16&nVlDiametro=0&nVlComprimento=16&nVlPeso=1&nCdFormato=1&sCdMaoPropria=N&nVlValorDeclarado=0&sCdAvisoRecebimento=N&StrRetorno=xml
05-19-2022 @ 23:44:22 - Correios WebServices response: SimpleXMLElement Object
(
    [cServico] => SimpleXMLElement Object
        (
            [Codigo] => 04510
            [Valor] => 21,00
            [PrazoEntrega] => 5
            [ValorSemAdicionais] => 21,00
            [ValorMaoPropria] => 0,00
            [ValorAvisoRecebimento] => 0,00
            [ValorValorDeclarado] => 0,00
            [EntregaDomiciliar] => S
            [EntregaSabado] => N
            [obsFim] => SimpleXMLElement Object
                (
                )

            [Erro] => 0
            [MsgErro] => SimpleXMLElement Object
                (
                )

        )

)

05-19-2022 @ 23:44:33 - Weight and cubage of the order: Array
(
    [weight] => 0
    [height] => 16
    [width] => 22,6
    [length] => 22,6
)

05-19-2022 @ 23:44:33 - Requesting Correios WebServices: http://ws.correios.com.br/calculador/CalcPrecoPrazo.aspx?nCdServico=04510&nCdEmpresa&sDsSenha&sCepDestino=13172683&sCepOrigem=13177432&nVlAltura=16&nVlLargura=22,6&nVlDiametro=0&nVlComprimento=22,6&nVlPeso=1&nCdFormato=1&sCdMaoPropria=N&nVlValorDeclarado=0&sCdAvisoRecebimento=N&StrRetorno=xml
05-19-2022 @ 23:44:33 - Correios WebServices response: SimpleXMLElement Object
(
    [cServico] => SimpleXMLElement Object
        (
            [Codigo] => 04510
            [Valor] => 21,00
            [PrazoEntrega] => 5
            [ValorSemAdicionais] => 21,00
            [ValorMaoPropria] => 0,00
            [ValorAvisoRecebimento] => 0,00
            [ValorValorDeclarado] => 0,00
            [EntregaDomiciliar] => S
            [EntregaSabado] => N
            [obsFim] => SimpleXMLElement Object
                (
                )

            [Erro] => 0
            [MsgErro] => SimpleXMLElement Object
                (
                )

        )

)

05-19-2022 @ 23:58:02 - Weight and cubage of the order: Array
(
    [weight] => 0
    [height] => 16
    [width] => 22,6
    [length] => 22,6
)

05-19-2022 @ 23:58:02 - Requesting Correios WebServices: http://ws.correios.com.br/calculador/CalcPrecoPrazo.aspx?nCdServico=04510&nCdEmpresa&sDsSenha&sCepDestino=13172683&sCepOrigem=13177432&nVlAltura=16&nVlLargura=22,6&nVlDiametro=0&nVlComprimento=22,6&nVlPeso=1&nCdFormato=1&sCdMaoPropria=N&nVlValorDeclarado=0&sCdAvisoRecebimento=N&StrRetorno=xml
05-19-2022 @ 23:58:02 - Correios WebServices response: SimpleXMLElement Object
(
    [cServico] => SimpleXMLElement Object
        (
            [Codigo] => 04510
            [Valor] => 21,00
            [PrazoEntrega] => 5
            [ValorSemAdicionais] => 21,00
            [ValorMaoPropria] => 0,00
            [ValorAvisoRecebimento] => 0,00
            [ValorValorDeclarado] => 0,00
            [EntregaDomiciliar] => S
            [EntregaSabado] => N
            [obsFim] => SimpleXMLElement Object
                (
                )

            [Erro] => 0
            [MsgErro] => SimpleXMLElement Object
                (
                )

        )

)

05-19-2022 @ 23:58:04 - Weight and cubage of the order: Array
(
    [weight] => 0
    [height] => 16
    [width] => 22,6
    [length] => 22,6
)

05-19-2022 @ 23:58:04 - Requesting Correios WebServices: http://ws.correios.com.br/calculador/CalcPrecoPrazo.aspx?nCdServico=04510&nCdEmpresa&sDsSenha&sCepDestino=13172683&sCepOrigem=13177432&nVlAltura=16&nVlLargura=22,6&nVlDiametro=0&nVlComprimento=22,6&nVlPeso=1&nCdFormato=1&sCdMaoPropria=N&nVlValorDeclarado=0&sCdAvisoRecebimento=N&StrRetorno=xml
05-19-2022 @ 23:58:04 - Correios WebServices response: SimpleXMLElement Object
(
    [cServico] => SimpleXMLElement Object
        (
            [Codigo] => 04510
            [Valor] => 21,00
            [PrazoEntrega] => 5
            [ValorSemAdicionais] => 21,00
            [ValorMaoPropria] => 0,00
            [ValorAvisoRecebimento] => 0,00
            [ValorValorDeclarado] => 0,00
            [EntregaDomiciliar] => S
            [EntregaSabado] => N
            [obsFim] => SimpleXMLElement Object
                (
                )

            [Erro] => 0
            [MsgErro] => SimpleXMLElement Object
                (
                )

        )

)

05-19-2022 @ 23:58:49 - Weight and cubage of the order: Array
(
    [weight] => 0
    [height] => 16
    [width] => 16
    [length] => 16
)

05-19-2022 @ 23:58:49 - Requesting Correios WebServices: http://ws.correios.com.br/calculador/CalcPrecoPrazo.aspx?nCdServico=04510&nCdEmpresa&sDsSenha&sCepDestino=13172683&sCepOrigem=13177432&nVlAltura=16&nVlLargura=16&nVlDiametro=0&nVlComprimento=16&nVlPeso=1&nCdFormato=1&sCdMaoPropria=N&nVlValorDeclarado=0&sCdAvisoRecebimento=N&StrRetorno=xml
05-19-2022 @ 23:58:49 - Correios WebServices response: SimpleXMLElement Object
(
    [cServico] => SimpleXMLElement Object
        (
            [Codigo] => 04510
            [Valor] => 21,00
            [PrazoEntrega] => 5
            [ValorSemAdicionais] => 21,00
            [ValorMaoPropria] => 0,00
            [ValorAvisoRecebimento] => 0,00
            [ValorValorDeclarado] => 0,00
            [EntregaDomiciliar] => S
            [EntregaSabado] => N
            [obsFim] => SimpleXMLElement Object
                (
                )

            [Erro] => 0
            [MsgErro] => SimpleXMLElement Object
                (
                )

        )

)

05-19-2022 @ 23:59:14 - Weight and cubage of the order: Array
(
    [weight] => 0
    [height] => 16
    [width] => 22,6
    [length] => 22,6
)

05-19-2022 @ 23:59:14 - Requesting Correios WebServices: http://ws.correios.com.br/calculador/CalcPrecoPrazo.aspx?nCdServico=04510&nCdEmpresa&sDsSenha&sCepDestino=13172683&sCepOrigem=13177432&nVlAltura=16&nVlLargura=22,6&nVlDiametro=0&nVlComprimento=22,6&nVlPeso=1&nCdFormato=1&sCdMaoPropria=N&nVlValorDeclarado=0&sCdAvisoRecebimento=N&StrRetorno=xml
05-19-2022 @ 23:59:14 - Correios WebServices response: SimpleXMLElement Object
(
    [cServico] => SimpleXMLElement Object
        (
            [Codigo] => 04510
            [Valor] => 21,00
            [PrazoEntrega] => 5
            [ValorSemAdicionais] => 21,00
            [ValorMaoPropria] => 0,00
            [ValorAvisoRecebimento] => 0,00
            [ValorValorDeclarado] => 0,00
            [EntregaDomiciliar] => S
            [EntregaSabado] => N
            [obsFim] => SimpleXMLElement Object
                (
                )

            [Erro] => 0
            [MsgErro] => SimpleXMLElement Object
                (
                )

        )

)

