2022-05-11T12:20:06+00:00 CRITICAL syntax error, unexpected 'while' (T_WHILE), em /home/wilson/projetos/laurenpapelaria/wp-content/plugins/woocommerce/templates/archive-product.php, na linha 62

2022-05-11T13:16:24+00:00 CRITICAL Uncaught Error: Class 'DOMDocument' not found in /home/wilson/projetos/laurenpapelaria/wp-content/plugins/woocommerce-correios/includes/wc-correios-functions.php:31
Stack trace:
#0 /home/wilson/projetos/laurenpapelaria/wp-content/plugins/woocommerce-correios/includes/class-wc-correios-webservice.php(560): wc_correios_safe_load_xml()
#1 /home/wilson/projetos/laurenpapelaria/wp-content/plugins/woocommerce-correios/includes/abstracts/class-wc-correios-shipping.php(416): WC_Correios_Webservice->get_shipping()
#2 /home/wilson/projetos/laurenpapelaria/wp-content/plugins/woocommerce-correios/includes/abstracts/class-wc-correios-shipping.php(489): WC_Correios_Shipping->get_rate()
#3 /home/wilson/projetos/laurenpapelaria/wp-content/plugins/woocommerce/includes/abstracts/abstract-wc-shipping-method.php(233): WC_Correios_Shipping->calculate_shipping()
#4 /home/wilson/projetos/laurenpapelaria/wp-content/plugins/woocommerce/includes/class-wc-shipping.php(348): WC_Shipping_Method->get_rates_for_package()
#5 /home/wilson/pr, em /home/wilson/projetos/laurenpapelaria/wp-content/plugins/woocommerce-correios/includes/wc-correios-functions.php, na linha 31

2022-05-11T13:16:33+00:00 CRITICAL Uncaught Error: Class 'DOMDocument' not found in /home/wilson/projetos/laurenpapelaria/wp-content/plugins/woocommerce-correios/includes/wc-correios-functions.php:31
Stack trace:
#0 /home/wilson/projetos/laurenpapelaria/wp-content/plugins/woocommerce-correios/includes/class-wc-correios-webservice.php(560): wc_correios_safe_load_xml()
#1 /home/wilson/projetos/laurenpapelaria/wp-content/plugins/woocommerce-correios/includes/abstracts/class-wc-correios-shipping.php(416): WC_Correios_Webservice->get_shipping()
#2 /home/wilson/projetos/laurenpapelaria/wp-content/plugins/woocommerce-correios/includes/abstracts/class-wc-correios-shipping.php(489): WC_Correios_Shipping->get_rate()
#3 /home/wilson/projetos/laurenpapelaria/wp-content/plugins/woocommerce/includes/abstracts/abstract-wc-shipping-method.php(233): WC_Correios_Shipping->calculate_shipping()
#4 /home/wilson/projetos/laurenpapelaria/wp-content/plugins/woocommerce/includes/class-wc-shipping.php(348): WC_Shipping_Method->get_rates_for_package()
#5 /home/wilson/pr, em /home/wilson/projetos/laurenpapelaria/wp-content/plugins/woocommerce-correios/includes/wc-correios-functions.php, na linha 31

2022-05-11T13:16:39+00:00 CRITICAL Uncaught Error: Class 'DOMDocument' not found in /home/wilson/projetos/laurenpapelaria/wp-content/plugins/woocommerce-correios/includes/wc-correios-functions.php:31
Stack trace:
#0 /home/wilson/projetos/laurenpapelaria/wp-content/plugins/woocommerce-correios/includes/class-wc-correios-webservice.php(560): wc_correios_safe_load_xml()
#1 /home/wilson/projetos/laurenpapelaria/wp-content/plugins/woocommerce-correios/includes/abstracts/class-wc-correios-shipping.php(416): WC_Correios_Webservice->get_shipping()
#2 /home/wilson/projetos/laurenpapelaria/wp-content/plugins/woocommerce-correios/includes/abstracts/class-wc-correios-shipping.php(489): WC_Correios_Shipping->get_rate()
#3 /home/wilson/projetos/laurenpapelaria/wp-content/plugins/woocommerce/includes/abstracts/abstract-wc-shipping-method.php(233): WC_Correios_Shipping->calculate_shipping()
#4 /home/wilson/projetos/laurenpapelaria/wp-content/plugins/woocommerce/includes/class-wc-shipping.php(348): WC_Shipping_Method->get_rates_for_package()
#5 /home/wilson/pr, em /home/wilson/projetos/laurenpapelaria/wp-content/plugins/woocommerce-correios/includes/wc-correios-functions.php, na linha 31

2022-05-11T13:16:46+00:00 CRITICAL Uncaught Error: Class 'DOMDocument' not found in /home/wilson/projetos/laurenpapelaria/wp-content/plugins/woocommerce-correios/includes/wc-correios-functions.php:31
Stack trace:
#0 /home/wilson/projetos/laurenpapelaria/wp-content/plugins/woocommerce-correios/includes/class-wc-correios-webservice.php(560): wc_correios_safe_load_xml()
#1 /home/wilson/projetos/laurenpapelaria/wp-content/plugins/woocommerce-correios/includes/abstracts/class-wc-correios-shipping.php(416): WC_Correios_Webservice->get_shipping()
#2 /home/wilson/projetos/laurenpapelaria/wp-content/plugins/woocommerce-correios/includes/abstracts/class-wc-correios-shipping.php(489): WC_Correios_Shipping->get_rate()
#3 /home/wilson/projetos/laurenpapelaria/wp-content/plugins/woocommerce/includes/abstracts/abstract-wc-shipping-method.php(233): WC_Correios_Shipping->calculate_shipping()
#4 /home/wilson/projetos/laurenpapelaria/wp-content/plugins/woocommerce/includes/class-wc-shipping.php(348): WC_Shipping_Method->get_rates_for_package()
#5 /home/wilson/pr, em /home/wilson/projetos/laurenpapelaria/wp-content/plugins/woocommerce-correios/includes/wc-correios-functions.php, na linha 31

2022-05-11T13:17:16+00:00 CRITICAL Uncaught Error: Class 'DOMDocument' not found in /home/wilson/projetos/laurenpapelaria/wp-content/plugins/woocommerce-correios/includes/wc-correios-functions.php:31
Stack trace:
#0 /home/wilson/projetos/laurenpapelaria/wp-content/plugins/woocommerce-correios/includes/class-wc-correios-webservice.php(560): wc_correios_safe_load_xml()
#1 /home/wilson/projetos/laurenpapelaria/wp-content/plugins/woocommerce-correios/includes/abstracts/class-wc-correios-shipping.php(416): WC_Correios_Webservice->get_shipping()
#2 /home/wilson/projetos/laurenpapelaria/wp-content/plugins/woocommerce-correios/includes/abstracts/class-wc-correios-shipping.php(489): WC_Correios_Shipping->get_rate()
#3 /home/wilson/projetos/laurenpapelaria/wp-content/plugins/woocommerce/includes/abstracts/abstract-wc-shipping-method.php(233): WC_Correios_Shipping->calculate_shipping()
#4 /home/wilson/projetos/laurenpapelaria/wp-content/plugins/woocommerce/includes/class-wc-shipping.php(348): WC_Shipping_Method->get_rates_for_package()
#5 /home/wilson/pr, em /home/wilson/projetos/laurenpapelaria/wp-content/plugins/woocommerce-correios/includes/wc-correios-functions.php, na linha 31

2022-05-11T13:17:24+00:00 CRITICAL Uncaught Error: Class 'DOMDocument' not found in /home/wilson/projetos/laurenpapelaria/wp-content/plugins/woocommerce-correios/includes/wc-correios-functions.php:31
Stack trace:
#0 /home/wilson/projetos/laurenpapelaria/wp-content/plugins/woocommerce-correios/includes/class-wc-correios-webservice.php(560): wc_correios_safe_load_xml()
#1 /home/wilson/projetos/laurenpapelaria/wp-content/plugins/woocommerce-correios/includes/abstracts/class-wc-correios-shipping.php(416): WC_Correios_Webservice->get_shipping()
#2 /home/wilson/projetos/laurenpapelaria/wp-content/plugins/woocommerce-correios/includes/abstracts/class-wc-correios-shipping.php(489): WC_Correios_Shipping->get_rate()
#3 /home/wilson/projetos/laurenpapelaria/wp-content/plugins/woocommerce/includes/abstracts/abstract-wc-shipping-method.php(233): WC_Correios_Shipping->calculate_shipping()
#4 /home/wilson/projetos/laurenpapelaria/wp-content/plugins/woocommerce/includes/class-wc-shipping.php(348): WC_Shipping_Method->get_rates_for_package()
#5 /home/wilson/pr, em /home/wilson/projetos/laurenpapelaria/wp-content/plugins/woocommerce-correios/includes/wc-correios-functions.php, na linha 31

2022-05-11T13:18:00+00:00 CRITICAL Uncaught Error: Class 'DOMDocument' not found in /home/wilson/projetos/laurenpapelaria/wp-content/plugins/woocommerce-correios/includes/wc-correios-functions.php:31
Stack trace:
#0 /home/wilson/projetos/laurenpapelaria/wp-content/plugins/woocommerce-correios/includes/class-wc-correios-webservice.php(560): wc_correios_safe_load_xml()
#1 /home/wilson/projetos/laurenpapelaria/wp-content/plugins/woocommerce-correios/includes/abstracts/class-wc-correios-shipping.php(416): WC_Correios_Webservice->get_shipping()
#2 /home/wilson/projetos/laurenpapelaria/wp-content/plugins/woocommerce-correios/includes/abstracts/class-wc-correios-shipping.php(489): WC_Correios_Shipping->get_rate()
#3 /home/wilson/projetos/laurenpapelaria/wp-content/plugins/woocommerce/includes/abstracts/abstract-wc-shipping-method.php(233): WC_Correios_Shipping->calculate_shipping()
#4 /home/wilson/projetos/laurenpapelaria/wp-content/plugins/woocommerce/includes/class-wc-shipping.php(348): WC_Shipping_Method->get_rates_for_package()
#5 /home/wilson/pr, em /home/wilson/projetos/laurenpapelaria/wp-content/plugins/woocommerce-correios/includes/wc-correios-functions.php, na linha 31

2022-05-11T13:19:09+00:00 CRITICAL Uncaught Error: Class 'DOMDocument' not found in /home/wilson/projetos/laurenpapelaria/wp-content/plugins/woocommerce-correios/includes/wc-correios-functions.php:31
Stack trace:
#0 /home/wilson/projetos/laurenpapelaria/wp-content/plugins/woocommerce-correios/includes/class-wc-correios-webservice.php(560): wc_correios_safe_load_xml()
#1 /home/wilson/projetos/laurenpapelaria/wp-content/plugins/woocommerce-correios/includes/abstracts/class-wc-correios-shipping.php(416): WC_Correios_Webservice->get_shipping()
#2 /home/wilson/projetos/laurenpapelaria/wp-content/plugins/woocommerce-correios/includes/abstracts/class-wc-correios-shipping.php(489): WC_Correios_Shipping->get_rate()
#3 /home/wilson/projetos/laurenpapelaria/wp-content/plugins/woocommerce/includes/abstracts/abstract-wc-shipping-method.php(233): WC_Correios_Shipping->calculate_shipping()
#4 /home/wilson/projetos/laurenpapelaria/wp-content/plugins/woocommerce/includes/class-wc-shipping.php(348): WC_Shipping_Method->get_rates_for_package()
#5 /home/wilson/pr, em /home/wilson/projetos/laurenpapelaria/wp-content/plugins/woocommerce-correios/includes/wc-correios-functions.php, na linha 31

2022-05-11T13:19:13+00:00 CRITICAL Uncaught Error: Class 'DOMDocument' not found in /home/wilson/projetos/laurenpapelaria/wp-content/plugins/woocommerce-correios/includes/wc-correios-functions.php:31
Stack trace:
#0 /home/wilson/projetos/laurenpapelaria/wp-content/plugins/woocommerce-correios/includes/class-wc-correios-webservice.php(560): wc_correios_safe_load_xml()
#1 /home/wilson/projetos/laurenpapelaria/wp-content/plugins/woocommerce-correios/includes/abstracts/class-wc-correios-shipping.php(416): WC_Correios_Webservice->get_shipping()
#2 /home/wilson/projetos/laurenpapelaria/wp-content/plugins/woocommerce-correios/includes/abstracts/class-wc-correios-shipping.php(489): WC_Correios_Shipping->get_rate()
#3 /home/wilson/projetos/laurenpapelaria/wp-content/plugins/woocommerce/includes/abstracts/abstract-wc-shipping-method.php(233): WC_Correios_Shipping->calculate_shipping()
#4 /home/wilson/projetos/laurenpapelaria/wp-content/plugins/woocommerce/includes/class-wc-shipping.php(348): WC_Shipping_Method->get_rates_for_package()
#5 /home/wilson/pr, em /home/wilson/projetos/laurenpapelaria/wp-content/plugins/woocommerce-correios/includes/wc-correios-functions.php, na linha 31

2022-05-11T13:19:38+00:00 CRITICAL Uncaught Error: Class 'DOMDocument' not found in /home/wilson/projetos/laurenpapelaria/wp-content/plugins/woocommerce-correios/includes/wc-correios-functions.php:31
Stack trace:
#0 /home/wilson/projetos/laurenpapelaria/wp-content/plugins/woocommerce-correios/includes/class-wc-correios-webservice.php(560): wc_correios_safe_load_xml()
#1 /home/wilson/projetos/laurenpapelaria/wp-content/plugins/woocommerce-correios/includes/abstracts/class-wc-correios-shipping.php(416): WC_Correios_Webservice->get_shipping()
#2 /home/wilson/projetos/laurenpapelaria/wp-content/plugins/woocommerce-correios/includes/abstracts/class-wc-correios-shipping.php(489): WC_Correios_Shipping->get_rate()
#3 /home/wilson/projetos/laurenpapelaria/wp-content/plugins/woocommerce/includes/abstracts/abstract-wc-shipping-method.php(233): WC_Correios_Shipping->calculate_shipping()
#4 /home/wilson/projetos/laurenpapelaria/wp-content/plugins/woocommerce/includes/class-wc-shipping.php(348): WC_Shipping_Method->get_rates_for_package()
#5 /home/wilson/pr, em /home/wilson/projetos/laurenpapelaria/wp-content/plugins/woocommerce-correios/includes/wc-correios-functions.php, na linha 31

2022-05-11T13:20:00+00:00 CRITICAL Uncaught Error: Class 'DOMDocument' not found in /home/wilson/projetos/laurenpapelaria/wp-content/plugins/woocommerce-correios/includes/wc-correios-functions.php:31
Stack trace:
#0 /home/wilson/projetos/laurenpapelaria/wp-content/plugins/woocommerce-correios/includes/class-wc-correios-webservice.php(560): wc_correios_safe_load_xml()
#1 /home/wilson/projetos/laurenpapelaria/wp-content/plugins/woocommerce-correios/includes/abstracts/class-wc-correios-shipping.php(416): WC_Correios_Webservice->get_shipping()
#2 /home/wilson/projetos/laurenpapelaria/wp-content/plugins/woocommerce-correios/includes/abstracts/class-wc-correios-shipping.php(489): WC_Correios_Shipping->get_rate()
#3 /home/wilson/projetos/laurenpapelaria/wp-content/plugins/woocommerce/includes/abstracts/abstract-wc-shipping-method.php(233): WC_Correios_Shipping->calculate_shipping()
#4 /home/wilson/projetos/laurenpapelaria/wp-content/plugins/woocommerce/includes/class-wc-shipping.php(348): WC_Shipping_Method->get_rates_for_package()
#5 /home/wilson/pr, em /home/wilson/projetos/laurenpapelaria/wp-content/plugins/woocommerce-correios/includes/wc-correios-functions.php, na linha 31

2022-05-11T13:20:24+00:00 CRITICAL Uncaught Error: Class 'DOMDocument' not found in /home/wilson/projetos/laurenpapelaria/wp-content/plugins/woocommerce-correios/includes/wc-correios-functions.php:31
Stack trace:
#0 /home/wilson/projetos/laurenpapelaria/wp-content/plugins/woocommerce-correios/includes/class-wc-correios-webservice.php(560): wc_correios_safe_load_xml()
#1 /home/wilson/projetos/laurenpapelaria/wp-content/plugins/woocommerce-correios/includes/abstracts/class-wc-correios-shipping.php(416): WC_Correios_Webservice->get_shipping()
#2 /home/wilson/projetos/laurenpapelaria/wp-content/plugins/woocommerce-correios/includes/abstracts/class-wc-correios-shipping.php(489): WC_Correios_Shipping->get_rate()
#3 /home/wilson/projetos/laurenpapelaria/wp-content/plugins/woocommerce/includes/abstracts/abstract-wc-shipping-method.php(233): WC_Correios_Shipping->calculate_shipping()
#4 /home/wilson/projetos/laurenpapelaria/wp-content/plugins/woocommerce/includes/class-wc-shipping.php(348): WC_Shipping_Method->get_rates_for_package()
#5 /home/wilson/pr, em /home/wilson/projetos/laurenpapelaria/wp-content/plugins/woocommerce-correios/includes/wc-correios-functions.php, na linha 31

2022-05-11T13:20:28+00:00 CRITICAL Uncaught Error: Class 'DOMDocument' not found in /home/wilson/projetos/laurenpapelaria/wp-content/plugins/woocommerce-correios/includes/wc-correios-functions.php:31
Stack trace:
#0 /home/wilson/projetos/laurenpapelaria/wp-content/plugins/woocommerce-correios/includes/class-wc-correios-webservice.php(560): wc_correios_safe_load_xml()
#1 /home/wilson/projetos/laurenpapelaria/wp-content/plugins/woocommerce-correios/includes/abstracts/class-wc-correios-shipping.php(416): WC_Correios_Webservice->get_shipping()
#2 /home/wilson/projetos/laurenpapelaria/wp-content/plugins/woocommerce-correios/includes/abstracts/class-wc-correios-shipping.php(489): WC_Correios_Shipping->get_rate()
#3 /home/wilson/projetos/laurenpapelaria/wp-content/plugins/woocommerce/includes/abstracts/abstract-wc-shipping-method.php(233): WC_Correios_Shipping->calculate_shipping()
#4 /home/wilson/projetos/laurenpapelaria/wp-content/plugins/woocommerce/includes/class-wc-shipping.php(348): WC_Shipping_Method->get_rates_for_package()
#5 /home/wilson/pr, em /home/wilson/projetos/laurenpapelaria/wp-content/plugins/woocommerce-correios/includes/wc-correios-functions.php, na linha 31

2022-05-11T13:20:37+00:00 CRITICAL Uncaught Error: Class 'DOMDocument' not found in /home/wilson/projetos/laurenpapelaria/wp-content/plugins/woocommerce-correios/includes/wc-correios-functions.php:31
Stack trace:
#0 /home/wilson/projetos/laurenpapelaria/wp-content/plugins/woocommerce-correios/includes/class-wc-correios-webservice.php(560): wc_correios_safe_load_xml()
#1 /home/wilson/projetos/laurenpapelaria/wp-content/plugins/woocommerce-correios/includes/abstracts/class-wc-correios-shipping.php(416): WC_Correios_Webservice->get_shipping()
#2 /home/wilson/projetos/laurenpapelaria/wp-content/plugins/woocommerce-correios/includes/abstracts/class-wc-correios-shipping.php(489): WC_Correios_Shipping->get_rate()
#3 /home/wilson/projetos/laurenpapelaria/wp-content/plugins/woocommerce/includes/abstracts/abstract-wc-shipping-method.php(233): WC_Correios_Shipping->calculate_shipping()
#4 /home/wilson/projetos/laurenpapelaria/wp-content/plugins/woocommerce/includes/class-wc-shipping.php(348): WC_Shipping_Method->get_rates_for_package()
#5 /home/wilson/pr, em /home/wilson/projetos/laurenpapelaria/wp-content/plugins/woocommerce-correios/includes/wc-correios-functions.php, na linha 31

2022-05-11T13:20:41+00:00 CRITICAL Uncaught Error: Class 'DOMDocument' not found in /home/wilson/projetos/laurenpapelaria/wp-content/plugins/woocommerce-correios/includes/wc-correios-functions.php:31
Stack trace:
#0 /home/wilson/projetos/laurenpapelaria/wp-content/plugins/woocommerce-correios/includes/class-wc-correios-webservice.php(560): wc_correios_safe_load_xml()
#1 /home/wilson/projetos/laurenpapelaria/wp-content/plugins/woocommerce-correios/includes/abstracts/class-wc-correios-shipping.php(416): WC_Correios_Webservice->get_shipping()
#2 /home/wilson/projetos/laurenpapelaria/wp-content/plugins/woocommerce-correios/includes/abstracts/class-wc-correios-shipping.php(489): WC_Correios_Shipping->get_rate()
#3 /home/wilson/projetos/laurenpapelaria/wp-content/plugins/woocommerce/includes/abstracts/abstract-wc-shipping-method.php(233): WC_Correios_Shipping->calculate_shipping()
#4 /home/wilson/projetos/laurenpapelaria/wp-content/plugins/woocommerce/includes/class-wc-shipping.php(348): WC_Shipping_Method->get_rates_for_package()
#5 /home/wilson/pr, em /home/wilson/projetos/laurenpapelaria/wp-content/plugins/woocommerce-correios/includes/wc-correios-functions.php, na linha 31

2022-05-11T13:20:45+00:00 CRITICAL Uncaught Error: Class 'DOMDocument' not found in /home/wilson/projetos/laurenpapelaria/wp-content/plugins/woocommerce-correios/includes/wc-correios-functions.php:31
Stack trace:
#0 /home/wilson/projetos/laurenpapelaria/wp-content/plugins/woocommerce-correios/includes/class-wc-correios-webservice.php(560): wc_correios_safe_load_xml()
#1 /home/wilson/projetos/laurenpapelaria/wp-content/plugins/woocommerce-correios/includes/abstracts/class-wc-correios-shipping.php(416): WC_Correios_Webservice->get_shipping()
#2 /home/wilson/projetos/laurenpapelaria/wp-content/plugins/woocommerce-correios/includes/abstracts/class-wc-correios-shipping.php(489): WC_Correios_Shipping->get_rate()
#3 /home/wilson/projetos/laurenpapelaria/wp-content/plugins/woocommerce/includes/abstracts/abstract-wc-shipping-method.php(233): WC_Correios_Shipping->calculate_shipping()
#4 /home/wilson/projetos/laurenpapelaria/wp-content/plugins/woocommerce/includes/class-wc-shipping.php(348): WC_Shipping_Method->get_rates_for_package()
#5 /home/wilson/pr, em /home/wilson/projetos/laurenpapelaria/wp-content/plugins/woocommerce-correios/includes/wc-correios-functions.php, na linha 31

2022-05-11T15:30:56+00:00 CRITICAL Uncaught Error: Class 'DOMDocument' not found in /home/wilson/projetos/laurenpapelaria/wp-content/plugins/woo-correios-calculo-de-frete-na-pagina-do-produto/vendor/enshrined/svg-sanitize/src/Sanitizer.php:96
Stack trace:
#0 /home/wilson/projetos/laurenpapelaria/wp-content/plugins/woo-correios-calculo-de-frete-na-pagina-do-produto/vendor/enshrined/svg-sanitize/src/Sanitizer.php(200): enshrined\svgSanitize\Sanitizer->resetInternal()
#1 /home/wilson/projetos/laurenpapelaria/wp-content/plugins/woo-correios-calculo-de-frete-na-pagina-do-produto/src/Frontend.php(87): enshrined\svgSanitize\Sanitizer->sanitize()
#2 /home/wilson/projetos/laurenpapelaria/wp-includes/class-wp-hook.php(307): CFPP\Frontend->showCFPPInProductPage()
#3 /home/wilson/projetos/laurenpapelaria/wp-includes/class-wp-hook.php(331): WP_Hook->apply_filters()
#4 /home/wilson/projetos/laurenpapelaria/wp-includes/plugin.php(474): WP_Hook->do_action()
#5 /home/wilson/projetos/laurenpapelaria/wp-content/plugins/woocommerce/templates/single-product/add-to, em /home/wilson/projetos/laurenpapelaria/wp-content/plugins/woo-correios-calculo-de-frete-na-pagina-do-produto/vendor/enshrined/svg-sanitize/src/Sanitizer.php, na linha 96

2022-05-11T15:31:03+00:00 CRITICAL Uncaught Error: Class 'DOMDocument' not found in /home/wilson/projetos/laurenpapelaria/wp-content/plugins/woo-correios-calculo-de-frete-na-pagina-do-produto/vendor/enshrined/svg-sanitize/src/Sanitizer.php:96
Stack trace:
#0 /home/wilson/projetos/laurenpapelaria/wp-content/plugins/woo-correios-calculo-de-frete-na-pagina-do-produto/vendor/enshrined/svg-sanitize/src/Sanitizer.php(200): enshrined\svgSanitize\Sanitizer->resetInternal()
#1 /home/wilson/projetos/laurenpapelaria/wp-content/plugins/woo-correios-calculo-de-frete-na-pagina-do-produto/src/Frontend.php(87): enshrined\svgSanitize\Sanitizer->sanitize()
#2 /home/wilson/projetos/laurenpapelaria/wp-includes/class-wp-hook.php(307): CFPP\Frontend->showCFPPInProductPage()
#3 /home/wilson/projetos/laurenpapelaria/wp-includes/class-wp-hook.php(331): WP_Hook->apply_filters()
#4 /home/wilson/projetos/laurenpapelaria/wp-includes/plugin.php(474): WP_Hook->do_action()
#5 /home/wilson/projetos/laurenpapelaria/wp-content/plugins/woocommerce/templates/single-product/add-to, em /home/wilson/projetos/laurenpapelaria/wp-content/plugins/woo-correios-calculo-de-frete-na-pagina-do-produto/vendor/enshrined/svg-sanitize/src/Sanitizer.php, na linha 96

2022-05-11T15:31:21+00:00 CRITICAL Uncaught Error: Class 'DOMDocument' not found in /home/wilson/projetos/laurenpapelaria/wp-content/plugins/woo-correios-calculo-de-frete-na-pagina-do-produto/vendor/enshrined/svg-sanitize/src/Sanitizer.php:96
Stack trace:
#0 /home/wilson/projetos/laurenpapelaria/wp-content/plugins/woo-correios-calculo-de-frete-na-pagina-do-produto/vendor/enshrined/svg-sanitize/src/Sanitizer.php(200): enshrined\svgSanitize\Sanitizer->resetInternal()
#1 /home/wilson/projetos/laurenpapelaria/wp-content/plugins/woo-correios-calculo-de-frete-na-pagina-do-produto/src/Frontend.php(87): enshrined\svgSanitize\Sanitizer->sanitize()
#2 /home/wilson/projetos/laurenpapelaria/wp-includes/class-wp-hook.php(307): CFPP\Frontend->showCFPPInProductPage()
#3 /home/wilson/projetos/laurenpapelaria/wp-includes/class-wp-hook.php(331): WP_Hook->apply_filters()
#4 /home/wilson/projetos/laurenpapelaria/wp-includes/plugin.php(474): WP_Hook->do_action()
#5 /home/wilson/projetos/laurenpapelaria/wp-content/plugins/woocommerce/templates/single-product/add-to, em /home/wilson/projetos/laurenpapelaria/wp-content/plugins/woo-correios-calculo-de-frete-na-pagina-do-produto/vendor/enshrined/svg-sanitize/src/Sanitizer.php, na linha 96

2022-05-11T15:31:49+00:00 CRITICAL Uncaught Error: Class 'DOMDocument' not found in /home/wilson/projetos/laurenpapelaria/wp-content/plugins/woo-correios-calculo-de-frete-na-pagina-do-produto/vendor/enshrined/svg-sanitize/src/Sanitizer.php:96
Stack trace:
#0 /home/wilson/projetos/laurenpapelaria/wp-content/plugins/woo-correios-calculo-de-frete-na-pagina-do-produto/vendor/enshrined/svg-sanitize/src/Sanitizer.php(200): enshrined\svgSanitize\Sanitizer->resetInternal()
#1 /home/wilson/projetos/laurenpapelaria/wp-content/plugins/woo-correios-calculo-de-frete-na-pagina-do-produto/src/Frontend.php(87): enshrined\svgSanitize\Sanitizer->sanitize()
#2 /home/wilson/projetos/laurenpapelaria/wp-includes/class-wp-hook.php(307): CFPP\Frontend->showCFPPInProductPage()
#3 /home/wilson/projetos/laurenpapelaria/wp-includes/class-wp-hook.php(331): WP_Hook->apply_filters()
#4 /home/wilson/projetos/laurenpapelaria/wp-includes/plugin.php(474): WP_Hook->do_action()
#5 /home/wilson/projetos/laurenpapelaria/wp-content/plugins/woocommerce/templates/single-product/add-to, em /home/wilson/projetos/laurenpapelaria/wp-content/plugins/woo-correios-calculo-de-frete-na-pagina-do-produto/vendor/enshrined/svg-sanitize/src/Sanitizer.php, na linha 96

2022-05-11T22:11:49+00:00 CRITICAL Uncaught Error: Class 'DOMDocument' not found in /home/wilson/projetos/laurenpapelaria/wp-content/plugins/woocommerce-correios/includes/wc-correios-functions.php:31
Stack trace:
#0 /home/wilson/projetos/laurenpapelaria/wp-content/plugins/woocommerce-correios/includes/class-wc-correios-webservice.php(560): wc_correios_safe_load_xml()
#1 /home/wilson/projetos/laurenpapelaria/wp-content/plugins/woocommerce-correios/includes/abstracts/class-wc-correios-shipping.php(416): WC_Correios_Webservice->get_shipping()
#2 /home/wilson/projetos/laurenpapelaria/wp-content/plugins/woocommerce-correios/includes/abstracts/class-wc-correios-shipping.php(489): WC_Correios_Shipping->get_rate()
#3 /home/wilson/projetos/laurenpapelaria/wp-content/plugins/woocommerce/includes/abstracts/abstract-wc-shipping-method.php(233): WC_Correios_Shipping->calculate_shipping()
#4 /home/wilson/projetos/laurenpapelaria/wp-content/plugins/woocommerce/includes/class-wc-shipping.php(348): WC_Shipping_Method->get_rates_for_package()
#5 /home/wilson/pr, em /home/wilson/projetos/laurenpapelaria/wp-content/plugins/woocommerce-correios/includes/wc-correios-functions.php, na linha 31

2022-05-11T22:17:40+00:00 CRITICAL Uncaught Error: Class 'DOMDocument' not found in /home/wilson/projetos/laurenpapelaria/wp-content/plugins/woocommerce-correios/includes/wc-correios-functions.php:31
Stack trace:
#0 /home/wilson/projetos/laurenpapelaria/wp-content/plugins/woocommerce-correios/includes/class-wc-correios-webservice.php(560): wc_correios_safe_load_xml()
#1 /home/wilson/projetos/laurenpapelaria/wp-content/plugins/woocommerce-correios/includes/abstracts/class-wc-correios-shipping.php(416): WC_Correios_Webservice->get_shipping()
#2 /home/wilson/projetos/laurenpapelaria/wp-content/plugins/woocommerce-correios/includes/abstracts/class-wc-correios-shipping.php(489): WC_Correios_Shipping->get_rate()
#3 /home/wilson/projetos/laurenpapelaria/wp-content/plugins/woocommerce/includes/abstracts/abstract-wc-shipping-method.php(233): WC_Correios_Shipping->calculate_shipping()
#4 /home/wilson/projetos/laurenpapelaria/wp-content/plugins/woocommerce/includes/class-wc-shipping.php(348): WC_Shipping_Method->get_rates_for_package()
#5 /home/wilson/pr, em /home/wilson/projetos/laurenpapelaria/wp-content/plugins/woocommerce-correios/includes/wc-correios-functions.php, na linha 31

