2022-05-05T17:39:16+00:00 CRITICAL Uncaught Error: Class 'DOMDocument' not found in /home/wilson/projetos/laurenpapelaria/wp-content/plugins/woo-correios-calculo-de-frete-na-pagina-do-produto/vendor/enshrined/svg-sanitize/src/Sanitizer.php:96
Stack trace:
#0 /home/wilson/projetos/laurenpapelaria/wp-content/plugins/woo-correios-calculo-de-frete-na-pagina-do-produto/vendor/enshrined/svg-sanitize/src/Sanitizer.php(200): enshrined\svgSanitize\Sanitizer->resetInternal()
#1 /home/wilson/projetos/laurenpapelaria/wp-content/plugins/woo-correios-calculo-de-frete-na-pagina-do-produto/src/Frontend.php(87): enshrined\svgSanitize\Sanitizer->sanitize()
#2 /home/wilson/projetos/laurenpapelaria/wp-includes/class-wp-hook.php(307): CFPP\Frontend->showCFPPInProductPage()
#3 /home/wilson/projetos/laurenpapelaria/wp-includes/class-wp-hook.php(331): WP_Hook->apply_filters()
#4 /home/wilson/projetos/laurenpapelaria/wp-includes/plugin.php(474): WP_Hook->do_action()
#5 /home/wilson/projetos/laurenpapelaria/wp-content/plugins/woocommerce/templates/single-product/add-to, em /home/wilson/projetos/laurenpapelaria/wp-content/plugins/woo-correios-calculo-de-frete-na-pagina-do-produto/vendor/enshrined/svg-sanitize/src/Sanitizer.php, na linha 96

2022-05-05T17:41:32+00:00 CRITICAL Uncaught Error: Class 'DOMDocument' not found in /home/wilson/projetos/laurenpapelaria/wp-content/plugins/woo-correios-calculo-de-frete-na-pagina-do-produto/vendor/enshrined/svg-sanitize/src/Sanitizer.php:96
Stack trace:
#0 /home/wilson/projetos/laurenpapelaria/wp-content/plugins/woo-correios-calculo-de-frete-na-pagina-do-produto/vendor/enshrined/svg-sanitize/src/Sanitizer.php(200): enshrined\svgSanitize\Sanitizer->resetInternal()
#1 /home/wilson/projetos/laurenpapelaria/wp-content/plugins/woo-correios-calculo-de-frete-na-pagina-do-produto/src/Frontend.php(87): enshrined\svgSanitize\Sanitizer->sanitize()
#2 /home/wilson/projetos/laurenpapelaria/wp-includes/class-wp-hook.php(307): CFPP\Frontend->showCFPPInProductPage()
#3 /home/wilson/projetos/laurenpapelaria/wp-includes/class-wp-hook.php(331): WP_Hook->apply_filters()
#4 /home/wilson/projetos/laurenpapelaria/wp-includes/plugin.php(474): WP_Hook->do_action()
#5 /home/wilson/projetos/laurenpapelaria/wp-content/plugins/woocommerce/templates/single-product/add-to, em /home/wilson/projetos/laurenpapelaria/wp-content/plugins/woo-correios-calculo-de-frete-na-pagina-do-produto/vendor/enshrined/svg-sanitize/src/Sanitizer.php, na linha 96

2022-05-05T17:43:35+00:00 CRITICAL Uncaught Error: Class 'DOMDocument' not found in /home/wilson/projetos/laurenpapelaria/wp-content/plugins/woo-correios-calculo-de-frete-na-pagina-do-produto/vendor/enshrined/svg-sanitize/src/Sanitizer.php:96
Stack trace:
#0 /home/wilson/projetos/laurenpapelaria/wp-content/plugins/woo-correios-calculo-de-frete-na-pagina-do-produto/vendor/enshrined/svg-sanitize/src/Sanitizer.php(200): enshrined\svgSanitize\Sanitizer->resetInternal()
#1 /home/wilson/projetos/laurenpapelaria/wp-content/plugins/woo-correios-calculo-de-frete-na-pagina-do-produto/src/Frontend.php(87): enshrined\svgSanitize\Sanitizer->sanitize()
#2 /home/wilson/projetos/laurenpapelaria/wp-includes/class-wp-hook.php(307): CFPP\Frontend->showCFPPInProductPage()
#3 /home/wilson/projetos/laurenpapelaria/wp-includes/class-wp-hook.php(331): WP_Hook->apply_filters()
#4 /home/wilson/projetos/laurenpapelaria/wp-includes/plugin.php(474): WP_Hook->do_action()
#5 /home/wilson/projetos/laurenpapelaria/wp-content/plugins/woocommerce/templates/single-product/add-to, em /home/wilson/projetos/laurenpapelaria/wp-content/plugins/woo-correios-calculo-de-frete-na-pagina-do-produto/vendor/enshrined/svg-sanitize/src/Sanitizer.php, na linha 96

2022-05-05T17:52:36+00:00 CRITICAL Uncaught Error: Class 'DOMDocument' not found in /home/wilson/projetos/laurenpapelaria/wp-content/plugins/woo-correios-calculo-de-frete-na-pagina-do-produto/vendor/enshrined/svg-sanitize/src/Sanitizer.php:96
Stack trace:
#0 /home/wilson/projetos/laurenpapelaria/wp-content/plugins/woo-correios-calculo-de-frete-na-pagina-do-produto/vendor/enshrined/svg-sanitize/src/Sanitizer.php(200): enshrined\svgSanitize\Sanitizer->resetInternal()
#1 /home/wilson/projetos/laurenpapelaria/wp-content/plugins/woo-correios-calculo-de-frete-na-pagina-do-produto/src/Frontend.php(87): enshrined\svgSanitize\Sanitizer->sanitize()
#2 /home/wilson/projetos/laurenpapelaria/wp-includes/class-wp-hook.php(307): CFPP\Frontend->showCFPPInProductPage()
#3 /home/wilson/projetos/laurenpapelaria/wp-includes/class-wp-hook.php(331): WP_Hook->apply_filters()
#4 /home/wilson/projetos/laurenpapelaria/wp-includes/plugin.php(474): WP_Hook->do_action()
#5 /home/wilson/projetos/laurenpapelaria/wp-content/plugins/woocommerce/templates/single-product/add-to, em /home/wilson/projetos/laurenpapelaria/wp-content/plugins/woo-correios-calculo-de-frete-na-pagina-do-produto/vendor/enshrined/svg-sanitize/src/Sanitizer.php, na linha 96

2022-05-05T18:42:44+00:00 CRITICAL Uncaught Error: Class 'DOMDocument' not found in /home/wilson/projetos/laurenpapelaria/wp-content/plugins/woo-correios-calculo-de-frete-na-pagina-do-produto/vendor/enshrined/svg-sanitize/src/Sanitizer.php:96
Stack trace:
#0 /home/wilson/projetos/laurenpapelaria/wp-content/plugins/woo-correios-calculo-de-frete-na-pagina-do-produto/vendor/enshrined/svg-sanitize/src/Sanitizer.php(200): enshrined\svgSanitize\Sanitizer->resetInternal()
#1 /home/wilson/projetos/laurenpapelaria/wp-content/plugins/woo-correios-calculo-de-frete-na-pagina-do-produto/src/Frontend.php(87): enshrined\svgSanitize\Sanitizer->sanitize()
#2 /home/wilson/projetos/laurenpapelaria/wp-includes/class-wp-hook.php(307): CFPP\Frontend->showCFPPInProductPage()
#3 /home/wilson/projetos/laurenpapelaria/wp-includes/class-wp-hook.php(331): WP_Hook->apply_filters()
#4 /home/wilson/projetos/laurenpapelaria/wp-includes/plugin.php(474): WP_Hook->do_action()
#5 /home/wilson/projetos/laurenpapelaria/wp-content/plugins/woocommerce/templates/single-product/add-to, em /home/wilson/projetos/laurenpapelaria/wp-content/plugins/woo-correios-calculo-de-frete-na-pagina-do-produto/vendor/enshrined/svg-sanitize/src/Sanitizer.php, na linha 96

2022-05-05T18:49:54+00:00 CRITICAL Uncaught Error: Class 'DOMDocument' not found in /home/wilson/projetos/laurenpapelaria/wp-content/plugins/woo-correios-calculo-de-frete-na-pagina-do-produto/vendor/enshrined/svg-sanitize/src/Sanitizer.php:96
Stack trace:
#0 /home/wilson/projetos/laurenpapelaria/wp-content/plugins/woo-correios-calculo-de-frete-na-pagina-do-produto/vendor/enshrined/svg-sanitize/src/Sanitizer.php(200): enshrined\svgSanitize\Sanitizer->resetInternal()
#1 /home/wilson/projetos/laurenpapelaria/wp-content/plugins/woo-correios-calculo-de-frete-na-pagina-do-produto/src/Frontend.php(87): enshrined\svgSanitize\Sanitizer->sanitize()
#2 /home/wilson/projetos/laurenpapelaria/wp-includes/class-wp-hook.php(307): CFPP\Frontend->showCFPPInProductPage()
#3 /home/wilson/projetos/laurenpapelaria/wp-includes/class-wp-hook.php(331): WP_Hook->apply_filters()
#4 /home/wilson/projetos/laurenpapelaria/wp-includes/plugin.php(474): WP_Hook->do_action()
#5 /home/wilson/projetos/laurenpapelaria/wp-content/plugins/woocommerce/templates/single-product/add-to, em /home/wilson/projetos/laurenpapelaria/wp-content/plugins/woo-correios-calculo-de-frete-na-pagina-do-produto/vendor/enshrined/svg-sanitize/src/Sanitizer.php, na linha 96

2022-05-05T18:51:25+00:00 CRITICAL Uncaught Error: Class 'DOMDocument' not found in /home/wilson/projetos/laurenpapelaria/wp-content/plugins/woo-correios-calculo-de-frete-na-pagina-do-produto/vendor/enshrined/svg-sanitize/src/Sanitizer.php:96
Stack trace:
#0 /home/wilson/projetos/laurenpapelaria/wp-content/plugins/woo-correios-calculo-de-frete-na-pagina-do-produto/vendor/enshrined/svg-sanitize/src/Sanitizer.php(200): enshrined\svgSanitize\Sanitizer->resetInternal()
#1 /home/wilson/projetos/laurenpapelaria/wp-content/plugins/woo-correios-calculo-de-frete-na-pagina-do-produto/src/Frontend.php(87): enshrined\svgSanitize\Sanitizer->sanitize()
#2 /home/wilson/projetos/laurenpapelaria/wp-includes/class-wp-hook.php(307): CFPP\Frontend->showCFPPInProductPage()
#3 /home/wilson/projetos/laurenpapelaria/wp-includes/class-wp-hook.php(331): WP_Hook->apply_filters()
#4 /home/wilson/projetos/laurenpapelaria/wp-includes/plugin.php(474): WP_Hook->do_action()
#5 /home/wilson/projetos/laurenpapelaria/wp-content/plugins/woocommerce/templates/single-product/add-to, em /home/wilson/projetos/laurenpapelaria/wp-content/plugins/woo-correios-calculo-de-frete-na-pagina-do-produto/vendor/enshrined/svg-sanitize/src/Sanitizer.php, na linha 96

2022-05-05T18:54:29+00:00 CRITICAL Uncaught Error: Class 'DOMDocument' not found in /home/wilson/projetos/laurenpapelaria/wp-content/plugins/woo-correios-calculo-de-frete-na-pagina-do-produto/vendor/enshrined/svg-sanitize/src/Sanitizer.php:96
Stack trace:
#0 /home/wilson/projetos/laurenpapelaria/wp-content/plugins/woo-correios-calculo-de-frete-na-pagina-do-produto/vendor/enshrined/svg-sanitize/src/Sanitizer.php(200): enshrined\svgSanitize\Sanitizer->resetInternal()
#1 /home/wilson/projetos/laurenpapelaria/wp-content/plugins/woo-correios-calculo-de-frete-na-pagina-do-produto/src/Frontend.php(87): enshrined\svgSanitize\Sanitizer->sanitize()
#2 /home/wilson/projetos/laurenpapelaria/wp-includes/class-wp-hook.php(307): CFPP\Frontend->showCFPPInProductPage()
#3 /home/wilson/projetos/laurenpapelaria/wp-includes/class-wp-hook.php(331): WP_Hook->apply_filters()
#4 /home/wilson/projetos/laurenpapelaria/wp-includes/plugin.php(474): WP_Hook->do_action()
#5 /home/wilson/projetos/laurenpapelaria/wp-content/plugins/woocommerce/templates/single-product/add-to, em /home/wilson/projetos/laurenpapelaria/wp-content/plugins/woo-correios-calculo-de-frete-na-pagina-do-produto/vendor/enshrined/svg-sanitize/src/Sanitizer.php, na linha 96

2022-05-05T18:57:02+00:00 CRITICAL Uncaught Error: Class 'DOMDocument' not found in /home/wilson/projetos/laurenpapelaria/wp-content/plugins/woo-correios-calculo-de-frete-na-pagina-do-produto/vendor/enshrined/svg-sanitize/src/Sanitizer.php:96
Stack trace:
#0 /home/wilson/projetos/laurenpapelaria/wp-content/plugins/woo-correios-calculo-de-frete-na-pagina-do-produto/vendor/enshrined/svg-sanitize/src/Sanitizer.php(200): enshrined\svgSanitize\Sanitizer->resetInternal()
#1 /home/wilson/projetos/laurenpapelaria/wp-content/plugins/woo-correios-calculo-de-frete-na-pagina-do-produto/src/Frontend.php(87): enshrined\svgSanitize\Sanitizer->sanitize()
#2 /home/wilson/projetos/laurenpapelaria/wp-includes/class-wp-hook.php(307): CFPP\Frontend->showCFPPInProductPage()
#3 /home/wilson/projetos/laurenpapelaria/wp-includes/class-wp-hook.php(331): WP_Hook->apply_filters()
#4 /home/wilson/projetos/laurenpapelaria/wp-includes/plugin.php(474): WP_Hook->do_action()
#5 /home/wilson/projetos/laurenpapelaria/wp-content/plugins/woocommerce/templates/single-product/add-to, em /home/wilson/projetos/laurenpapelaria/wp-content/plugins/woo-correios-calculo-de-frete-na-pagina-do-produto/vendor/enshrined/svg-sanitize/src/Sanitizer.php, na linha 96

2022-05-05T18:57:21+00:00 CRITICAL Uncaught Error: Class 'DOMDocument' not found in /home/wilson/projetos/laurenpapelaria/wp-content/plugins/woo-correios-calculo-de-frete-na-pagina-do-produto/vendor/enshrined/svg-sanitize/src/Sanitizer.php:96
Stack trace:
#0 /home/wilson/projetos/laurenpapelaria/wp-content/plugins/woo-correios-calculo-de-frete-na-pagina-do-produto/vendor/enshrined/svg-sanitize/src/Sanitizer.php(200): enshrined\svgSanitize\Sanitizer->resetInternal()
#1 /home/wilson/projetos/laurenpapelaria/wp-content/plugins/woo-correios-calculo-de-frete-na-pagina-do-produto/src/Frontend.php(87): enshrined\svgSanitize\Sanitizer->sanitize()
#2 /home/wilson/projetos/laurenpapelaria/wp-includes/class-wp-hook.php(307): CFPP\Frontend->showCFPPInProductPage()
#3 /home/wilson/projetos/laurenpapelaria/wp-includes/class-wp-hook.php(331): WP_Hook->apply_filters()
#4 /home/wilson/projetos/laurenpapelaria/wp-includes/plugin.php(474): WP_Hook->do_action()
#5 /home/wilson/projetos/laurenpapelaria/wp-content/plugins/woocommerce/templates/single-product/add-to, em /home/wilson/projetos/laurenpapelaria/wp-content/plugins/woo-correios-calculo-de-frete-na-pagina-do-produto/vendor/enshrined/svg-sanitize/src/Sanitizer.php, na linha 96

2022-05-05T18:57:47+00:00 CRITICAL Uncaught Error: Class 'DOMDocument' not found in /home/wilson/projetos/laurenpapelaria/wp-content/plugins/woo-correios-calculo-de-frete-na-pagina-do-produto/vendor/enshrined/svg-sanitize/src/Sanitizer.php:96
Stack trace:
#0 /home/wilson/projetos/laurenpapelaria/wp-content/plugins/woo-correios-calculo-de-frete-na-pagina-do-produto/vendor/enshrined/svg-sanitize/src/Sanitizer.php(200): enshrined\svgSanitize\Sanitizer->resetInternal()
#1 /home/wilson/projetos/laurenpapelaria/wp-content/plugins/woo-correios-calculo-de-frete-na-pagina-do-produto/src/Frontend.php(87): enshrined\svgSanitize\Sanitizer->sanitize()
#2 /home/wilson/projetos/laurenpapelaria/wp-includes/class-wp-hook.php(307): CFPP\Frontend->showCFPPInProductPage()
#3 /home/wilson/projetos/laurenpapelaria/wp-includes/class-wp-hook.php(331): WP_Hook->apply_filters()
#4 /home/wilson/projetos/laurenpapelaria/wp-includes/plugin.php(474): WP_Hook->do_action()
#5 /home/wilson/projetos/laurenpapelaria/wp-content/plugins/woocommerce/templates/single-product/add-to, em /home/wilson/projetos/laurenpapelaria/wp-content/plugins/woo-correios-calculo-de-frete-na-pagina-do-produto/vendor/enshrined/svg-sanitize/src/Sanitizer.php, na linha 96

2022-05-05T18:58:01+00:00 CRITICAL Uncaught Error: Class 'DOMDocument' not found in /home/wilson/projetos/laurenpapelaria/wp-content/plugins/woo-correios-calculo-de-frete-na-pagina-do-produto/vendor/enshrined/svg-sanitize/src/Sanitizer.php:96
Stack trace:
#0 /home/wilson/projetos/laurenpapelaria/wp-content/plugins/woo-correios-calculo-de-frete-na-pagina-do-produto/vendor/enshrined/svg-sanitize/src/Sanitizer.php(200): enshrined\svgSanitize\Sanitizer->resetInternal()
#1 /home/wilson/projetos/laurenpapelaria/wp-content/plugins/woo-correios-calculo-de-frete-na-pagina-do-produto/src/Frontend.php(87): enshrined\svgSanitize\Sanitizer->sanitize()
#2 /home/wilson/projetos/laurenpapelaria/wp-includes/class-wp-hook.php(307): CFPP\Frontend->showCFPPInProductPage()
#3 /home/wilson/projetos/laurenpapelaria/wp-includes/class-wp-hook.php(331): WP_Hook->apply_filters()
#4 /home/wilson/projetos/laurenpapelaria/wp-includes/plugin.php(474): WP_Hook->do_action()
#5 /home/wilson/projetos/laurenpapelaria/wp-content/plugins/woocommerce/templates/single-product/add-to, em /home/wilson/projetos/laurenpapelaria/wp-content/plugins/woo-correios-calculo-de-frete-na-pagina-do-produto/vendor/enshrined/svg-sanitize/src/Sanitizer.php, na linha 96

2022-05-05T18:58:13+00:00 CRITICAL Uncaught Error: Class 'DOMDocument' not found in /home/wilson/projetos/laurenpapelaria/wp-content/plugins/woo-correios-calculo-de-frete-na-pagina-do-produto/vendor/enshrined/svg-sanitize/src/Sanitizer.php:96
Stack trace:
#0 /home/wilson/projetos/laurenpapelaria/wp-content/plugins/woo-correios-calculo-de-frete-na-pagina-do-produto/vendor/enshrined/svg-sanitize/src/Sanitizer.php(200): enshrined\svgSanitize\Sanitizer->resetInternal()
#1 /home/wilson/projetos/laurenpapelaria/wp-content/plugins/woo-correios-calculo-de-frete-na-pagina-do-produto/src/Frontend.php(87): enshrined\svgSanitize\Sanitizer->sanitize()
#2 /home/wilson/projetos/laurenpapelaria/wp-includes/class-wp-hook.php(307): CFPP\Frontend->showCFPPInProductPage()
#3 /home/wilson/projetos/laurenpapelaria/wp-includes/class-wp-hook.php(331): WP_Hook->apply_filters()
#4 /home/wilson/projetos/laurenpapelaria/wp-includes/plugin.php(474): WP_Hook->do_action()
#5 /home/wilson/projetos/laurenpapelaria/wp-content/plugins/woocommerce/templates/single-product/add-to, em /home/wilson/projetos/laurenpapelaria/wp-content/plugins/woo-correios-calculo-de-frete-na-pagina-do-produto/vendor/enshrined/svg-sanitize/src/Sanitizer.php, na linha 96

2022-05-05T18:59:10+00:00 CRITICAL Uncaught Error: Class 'DOMDocument' not found in /home/wilson/projetos/laurenpapelaria/wp-content/plugins/woo-correios-calculo-de-frete-na-pagina-do-produto/vendor/enshrined/svg-sanitize/src/Sanitizer.php:96
Stack trace:
#0 /home/wilson/projetos/laurenpapelaria/wp-content/plugins/woo-correios-calculo-de-frete-na-pagina-do-produto/vendor/enshrined/svg-sanitize/src/Sanitizer.php(200): enshrined\svgSanitize\Sanitizer->resetInternal()
#1 /home/wilson/projetos/laurenpapelaria/wp-content/plugins/woo-correios-calculo-de-frete-na-pagina-do-produto/src/Frontend.php(87): enshrined\svgSanitize\Sanitizer->sanitize()
#2 /home/wilson/projetos/laurenpapelaria/wp-includes/class-wp-hook.php(307): CFPP\Frontend->showCFPPInProductPage()
#3 /home/wilson/projetos/laurenpapelaria/wp-includes/class-wp-hook.php(331): WP_Hook->apply_filters()
#4 /home/wilson/projetos/laurenpapelaria/wp-includes/plugin.php(474): WP_Hook->do_action()
#5 /home/wilson/projetos/laurenpapelaria/wp-content/plugins/woocommerce/templates/single-product/add-to, em /home/wilson/projetos/laurenpapelaria/wp-content/plugins/woo-correios-calculo-de-frete-na-pagina-do-produto/vendor/enshrined/svg-sanitize/src/Sanitizer.php, na linha 96

2022-05-05T19:02:13+00:00 CRITICAL Uncaught Error: Class 'DOMDocument' not found in /home/wilson/projetos/laurenpapelaria/wp-content/plugins/woo-correios-calculo-de-frete-na-pagina-do-produto/vendor/enshrined/svg-sanitize/src/Sanitizer.php:96
Stack trace:
#0 /home/wilson/projetos/laurenpapelaria/wp-content/plugins/woo-correios-calculo-de-frete-na-pagina-do-produto/vendor/enshrined/svg-sanitize/src/Sanitizer.php(200): enshrined\svgSanitize\Sanitizer->resetInternal()
#1 /home/wilson/projetos/laurenpapelaria/wp-content/plugins/woo-correios-calculo-de-frete-na-pagina-do-produto/src/Frontend.php(87): enshrined\svgSanitize\Sanitizer->sanitize()
#2 /home/wilson/projetos/laurenpapelaria/wp-includes/class-wp-hook.php(307): CFPP\Frontend->showCFPPInProductPage()
#3 /home/wilson/projetos/laurenpapelaria/wp-includes/class-wp-hook.php(331): WP_Hook->apply_filters()
#4 /home/wilson/projetos/laurenpapelaria/wp-includes/plugin.php(474): WP_Hook->do_action()
#5 /home/wilson/projetos/laurenpapelaria/wp-content/plugins/woocommerce/templates/single-product/add-to, em /home/wilson/projetos/laurenpapelaria/wp-content/plugins/woo-correios-calculo-de-frete-na-pagina-do-produto/vendor/enshrined/svg-sanitize/src/Sanitizer.php, na linha 96

2022-05-05T20:03:02+00:00 CRITICAL Uncaught Error: Class 'DOMDocument' not found in /home/wilson/projetos/laurenpapelaria/wp-content/plugins/woo-correios-calculo-de-frete-na-pagina-do-produto/vendor/enshrined/svg-sanitize/src/Sanitizer.php:96
Stack trace:
#0 /home/wilson/projetos/laurenpapelaria/wp-content/plugins/woo-correios-calculo-de-frete-na-pagina-do-produto/vendor/enshrined/svg-sanitize/src/Sanitizer.php(200): enshrined\svgSanitize\Sanitizer->resetInternal()
#1 /home/wilson/projetos/laurenpapelaria/wp-content/plugins/woo-correios-calculo-de-frete-na-pagina-do-produto/src/Frontend.php(87): enshrined\svgSanitize\Sanitizer->sanitize()
#2 /home/wilson/projetos/laurenpapelaria/wp-includes/class-wp-hook.php(307): CFPP\Frontend->showCFPPInProductPage()
#3 /home/wilson/projetos/laurenpapelaria/wp-includes/class-wp-hook.php(331): WP_Hook->apply_filters()
#4 /home/wilson/projetos/laurenpapelaria/wp-includes/plugin.php(474): WP_Hook->do_action()
#5 /home/wilson/projetos/laurenpapelaria/wp-content/plugins/woocommerce/templates/single-product/add-to, em /home/wilson/projetos/laurenpapelaria/wp-content/plugins/woo-correios-calculo-de-frete-na-pagina-do-produto/vendor/enshrined/svg-sanitize/src/Sanitizer.php, na linha 96

2022-05-05T20:04:04+00:00 CRITICAL Uncaught Error: Class 'DOMDocument' not found in /home/wilson/projetos/laurenpapelaria/wp-content/plugins/woo-correios-calculo-de-frete-na-pagina-do-produto/vendor/enshrined/svg-sanitize/src/Sanitizer.php:96
Stack trace:
#0 /home/wilson/projetos/laurenpapelaria/wp-content/plugins/woo-correios-calculo-de-frete-na-pagina-do-produto/vendor/enshrined/svg-sanitize/src/Sanitizer.php(200): enshrined\svgSanitize\Sanitizer->resetInternal()
#1 /home/wilson/projetos/laurenpapelaria/wp-content/plugins/woo-correios-calculo-de-frete-na-pagina-do-produto/src/Frontend.php(87): enshrined\svgSanitize\Sanitizer->sanitize()
#2 /home/wilson/projetos/laurenpapelaria/wp-includes/class-wp-hook.php(307): CFPP\Frontend->showCFPPInProductPage()
#3 /home/wilson/projetos/laurenpapelaria/wp-includes/class-wp-hook.php(331): WP_Hook->apply_filters()
#4 /home/wilson/projetos/laurenpapelaria/wp-includes/plugin.php(474): WP_Hook->do_action()
#5 /home/wilson/projetos/laurenpapelaria/wp-content/plugins/woocommerce/templates/single-product/add-to, em /home/wilson/projetos/laurenpapelaria/wp-content/plugins/woo-correios-calculo-de-frete-na-pagina-do-produto/vendor/enshrined/svg-sanitize/src/Sanitizer.php, na linha 96

2022-05-05T20:04:13+00:00 CRITICAL Uncaught Error: Class 'DOMDocument' not found in /home/wilson/projetos/laurenpapelaria/wp-content/plugins/woo-correios-calculo-de-frete-na-pagina-do-produto/vendor/enshrined/svg-sanitize/src/Sanitizer.php:96
Stack trace:
#0 /home/wilson/projetos/laurenpapelaria/wp-content/plugins/woo-correios-calculo-de-frete-na-pagina-do-produto/vendor/enshrined/svg-sanitize/src/Sanitizer.php(200): enshrined\svgSanitize\Sanitizer->resetInternal()
#1 /home/wilson/projetos/laurenpapelaria/wp-content/plugins/woo-correios-calculo-de-frete-na-pagina-do-produto/src/Frontend.php(87): enshrined\svgSanitize\Sanitizer->sanitize()
#2 /home/wilson/projetos/laurenpapelaria/wp-includes/class-wp-hook.php(307): CFPP\Frontend->showCFPPInProductPage()
#3 /home/wilson/projetos/laurenpapelaria/wp-includes/class-wp-hook.php(331): WP_Hook->apply_filters()
#4 /home/wilson/projetos/laurenpapelaria/wp-includes/plugin.php(474): WP_Hook->do_action()
#5 /home/wilson/projetos/laurenpapelaria/wp-content/plugins/woocommerce/templates/single-product/add-to, em /home/wilson/projetos/laurenpapelaria/wp-content/plugins/woo-correios-calculo-de-frete-na-pagina-do-produto/vendor/enshrined/svg-sanitize/src/Sanitizer.php, na linha 96

2022-05-05T20:05:09+00:00 CRITICAL Uncaught Error: Class 'DOMDocument' not found in /home/wilson/projetos/laurenpapelaria/wp-content/plugins/woo-correios-calculo-de-frete-na-pagina-do-produto/vendor/enshrined/svg-sanitize/src/Sanitizer.php:96
Stack trace:
#0 /home/wilson/projetos/laurenpapelaria/wp-content/plugins/woo-correios-calculo-de-frete-na-pagina-do-produto/vendor/enshrined/svg-sanitize/src/Sanitizer.php(200): enshrined\svgSanitize\Sanitizer->resetInternal()
#1 /home/wilson/projetos/laurenpapelaria/wp-content/plugins/woo-correios-calculo-de-frete-na-pagina-do-produto/src/Frontend.php(87): enshrined\svgSanitize\Sanitizer->sanitize()
#2 /home/wilson/projetos/laurenpapelaria/wp-includes/class-wp-hook.php(307): CFPP\Frontend->showCFPPInProductPage()
#3 /home/wilson/projetos/laurenpapelaria/wp-includes/class-wp-hook.php(331): WP_Hook->apply_filters()
#4 /home/wilson/projetos/laurenpapelaria/wp-includes/plugin.php(474): WP_Hook->do_action()
#5 /home/wilson/projetos/laurenpapelaria/wp-content/plugins/woocommerce/templates/single-product/add-to, em /home/wilson/projetos/laurenpapelaria/wp-content/plugins/woo-correios-calculo-de-frete-na-pagina-do-produto/vendor/enshrined/svg-sanitize/src/Sanitizer.php, na linha 96

2022-05-05T20:05:43+00:00 CRITICAL Uncaught Error: Class 'DOMDocument' not found in /home/wilson/projetos/laurenpapelaria/wp-content/plugins/woo-correios-calculo-de-frete-na-pagina-do-produto/vendor/enshrined/svg-sanitize/src/Sanitizer.php:96
Stack trace:
#0 /home/wilson/projetos/laurenpapelaria/wp-content/plugins/woo-correios-calculo-de-frete-na-pagina-do-produto/vendor/enshrined/svg-sanitize/src/Sanitizer.php(200): enshrined\svgSanitize\Sanitizer->resetInternal()
#1 /home/wilson/projetos/laurenpapelaria/wp-content/plugins/woo-correios-calculo-de-frete-na-pagina-do-produto/src/Frontend.php(87): enshrined\svgSanitize\Sanitizer->sanitize()
#2 /home/wilson/projetos/laurenpapelaria/wp-includes/class-wp-hook.php(307): CFPP\Frontend->showCFPPInProductPage()
#3 /home/wilson/projetos/laurenpapelaria/wp-includes/class-wp-hook.php(331): WP_Hook->apply_filters()
#4 /home/wilson/projetos/laurenpapelaria/wp-includes/plugin.php(474): WP_Hook->do_action()
#5 /home/wilson/projetos/laurenpapelaria/wp-content/plugins/woocommerce/templates/single-product/add-to, em /home/wilson/projetos/laurenpapelaria/wp-content/plugins/woo-correios-calculo-de-frete-na-pagina-do-produto/vendor/enshrined/svg-sanitize/src/Sanitizer.php, na linha 96

2022-05-05T22:16:46+00:00 CRITICAL Uncaught Error: Class 'DOMDocument' not found in /home/wilson/projetos/laurenpapelaria/wp-content/plugins/woo-correios-calculo-de-frete-na-pagina-do-produto/vendor/enshrined/svg-sanitize/src/Sanitizer.php:96
Stack trace:
#0 /home/wilson/projetos/laurenpapelaria/wp-content/plugins/woo-correios-calculo-de-frete-na-pagina-do-produto/vendor/enshrined/svg-sanitize/src/Sanitizer.php(200): enshrined\svgSanitize\Sanitizer->resetInternal()
#1 /home/wilson/projetos/laurenpapelaria/wp-content/plugins/woo-correios-calculo-de-frete-na-pagina-do-produto/src/Frontend.php(87): enshrined\svgSanitize\Sanitizer->sanitize()
#2 /home/wilson/projetos/laurenpapelaria/wp-includes/class-wp-hook.php(307): CFPP\Frontend->showCFPPInProductPage()
#3 /home/wilson/projetos/laurenpapelaria/wp-includes/class-wp-hook.php(331): WP_Hook->apply_filters()
#4 /home/wilson/projetos/laurenpapelaria/wp-includes/plugin.php(474): WP_Hook->do_action()
#5 /home/wilson/projetos/laurenpapelaria/wp-content/plugins/woocommerce/templates/single-product/add-to, em /home/wilson/projetos/laurenpapelaria/wp-content/plugins/woo-correios-calculo-de-frete-na-pagina-do-produto/vendor/enshrined/svg-sanitize/src/Sanitizer.php, na linha 96

2022-05-05T22:16:59+00:00 CRITICAL Uncaught Error: Class 'DOMDocument' not found in /home/wilson/projetos/laurenpapelaria/wp-content/plugins/woo-correios-calculo-de-frete-na-pagina-do-produto/vendor/enshrined/svg-sanitize/src/Sanitizer.php:96
Stack trace:
#0 /home/wilson/projetos/laurenpapelaria/wp-content/plugins/woo-correios-calculo-de-frete-na-pagina-do-produto/vendor/enshrined/svg-sanitize/src/Sanitizer.php(200): enshrined\svgSanitize\Sanitizer->resetInternal()
#1 /home/wilson/projetos/laurenpapelaria/wp-content/plugins/woo-correios-calculo-de-frete-na-pagina-do-produto/src/Frontend.php(87): enshrined\svgSanitize\Sanitizer->sanitize()
#2 /home/wilson/projetos/laurenpapelaria/wp-includes/class-wp-hook.php(307): CFPP\Frontend->showCFPPInProductPage()
#3 /home/wilson/projetos/laurenpapelaria/wp-includes/class-wp-hook.php(331): WP_Hook->apply_filters()
#4 /home/wilson/projetos/laurenpapelaria/wp-includes/plugin.php(474): WP_Hook->do_action()
#5 /home/wilson/projetos/laurenpapelaria/wp-content/plugins/woocommerce/templates/single-product/add-to, em /home/wilson/projetos/laurenpapelaria/wp-content/plugins/woo-correios-calculo-de-frete-na-pagina-do-produto/vendor/enshrined/svg-sanitize/src/Sanitizer.php, na linha 96

2022-05-05T22:17:08+00:00 CRITICAL Uncaught Error: Class 'DOMDocument' not found in /home/wilson/projetos/laurenpapelaria/wp-content/plugins/woo-correios-calculo-de-frete-na-pagina-do-produto/vendor/enshrined/svg-sanitize/src/Sanitizer.php:96
Stack trace:
#0 /home/wilson/projetos/laurenpapelaria/wp-content/plugins/woo-correios-calculo-de-frete-na-pagina-do-produto/vendor/enshrined/svg-sanitize/src/Sanitizer.php(200): enshrined\svgSanitize\Sanitizer->resetInternal()
#1 /home/wilson/projetos/laurenpapelaria/wp-content/plugins/woo-correios-calculo-de-frete-na-pagina-do-produto/src/Frontend.php(87): enshrined\svgSanitize\Sanitizer->sanitize()
#2 /home/wilson/projetos/laurenpapelaria/wp-includes/class-wp-hook.php(307): CFPP\Frontend->showCFPPInProductPage()
#3 /home/wilson/projetos/laurenpapelaria/wp-includes/class-wp-hook.php(331): WP_Hook->apply_filters()
#4 /home/wilson/projetos/laurenpapelaria/wp-includes/plugin.php(474): WP_Hook->do_action()
#5 /home/wilson/projetos/laurenpapelaria/wp-content/plugins/woocommerce/templates/single-product/add-to, em /home/wilson/projetos/laurenpapelaria/wp-content/plugins/woo-correios-calculo-de-frete-na-pagina-do-produto/vendor/enshrined/svg-sanitize/src/Sanitizer.php, na linha 96

2022-05-05T22:17:13+00:00 CRITICAL Uncaught Error: Class 'DOMDocument' not found in /home/wilson/projetos/laurenpapelaria/wp-content/plugins/woo-correios-calculo-de-frete-na-pagina-do-produto/vendor/enshrined/svg-sanitize/src/Sanitizer.php:96
Stack trace:
#0 /home/wilson/projetos/laurenpapelaria/wp-content/plugins/woo-correios-calculo-de-frete-na-pagina-do-produto/vendor/enshrined/svg-sanitize/src/Sanitizer.php(200): enshrined\svgSanitize\Sanitizer->resetInternal()
#1 /home/wilson/projetos/laurenpapelaria/wp-content/plugins/woo-correios-calculo-de-frete-na-pagina-do-produto/src/Frontend.php(87): enshrined\svgSanitize\Sanitizer->sanitize()
#2 /home/wilson/projetos/laurenpapelaria/wp-includes/class-wp-hook.php(307): CFPP\Frontend->showCFPPInProductPage()
#3 /home/wilson/projetos/laurenpapelaria/wp-includes/class-wp-hook.php(331): WP_Hook->apply_filters()
#4 /home/wilson/projetos/laurenpapelaria/wp-includes/plugin.php(474): WP_Hook->do_action()
#5 /home/wilson/projetos/laurenpapelaria/wp-content/plugins/woocommerce/templates/single-product/add-to, em /home/wilson/projetos/laurenpapelaria/wp-content/plugins/woo-correios-calculo-de-frete-na-pagina-do-produto/vendor/enshrined/svg-sanitize/src/Sanitizer.php, na linha 96

2022-05-05T22:17:18+00:00 CRITICAL Uncaught Error: Class 'DOMDocument' not found in /home/wilson/projetos/laurenpapelaria/wp-content/plugins/woo-correios-calculo-de-frete-na-pagina-do-produto/vendor/enshrined/svg-sanitize/src/Sanitizer.php:96
Stack trace:
#0 /home/wilson/projetos/laurenpapelaria/wp-content/plugins/woo-correios-calculo-de-frete-na-pagina-do-produto/vendor/enshrined/svg-sanitize/src/Sanitizer.php(200): enshrined\svgSanitize\Sanitizer->resetInternal()
#1 /home/wilson/projetos/laurenpapelaria/wp-content/plugins/woo-correios-calculo-de-frete-na-pagina-do-produto/src/Frontend.php(87): enshrined\svgSanitize\Sanitizer->sanitize()
#2 /home/wilson/projetos/laurenpapelaria/wp-includes/class-wp-hook.php(307): CFPP\Frontend->showCFPPInProductPage()
#3 /home/wilson/projetos/laurenpapelaria/wp-includes/class-wp-hook.php(331): WP_Hook->apply_filters()
#4 /home/wilson/projetos/laurenpapelaria/wp-includes/plugin.php(474): WP_Hook->do_action()
#5 /home/wilson/projetos/laurenpapelaria/wp-content/plugins/woocommerce/templates/single-product/add-to, em /home/wilson/projetos/laurenpapelaria/wp-content/plugins/woo-correios-calculo-de-frete-na-pagina-do-produto/vendor/enshrined/svg-sanitize/src/Sanitizer.php, na linha 96

2022-05-05T22:17:49+00:00 CRITICAL Uncaught Error: Class 'DOMDocument' not found in /home/wilson/projetos/laurenpapelaria/wp-content/plugins/woo-correios-calculo-de-frete-na-pagina-do-produto/vendor/enshrined/svg-sanitize/src/Sanitizer.php:96
Stack trace:
#0 /home/wilson/projetos/laurenpapelaria/wp-content/plugins/woo-correios-calculo-de-frete-na-pagina-do-produto/vendor/enshrined/svg-sanitize/src/Sanitizer.php(200): enshrined\svgSanitize\Sanitizer->resetInternal()
#1 /home/wilson/projetos/laurenpapelaria/wp-content/plugins/woo-correios-calculo-de-frete-na-pagina-do-produto/src/Frontend.php(87): enshrined\svgSanitize\Sanitizer->sanitize()
#2 /home/wilson/projetos/laurenpapelaria/wp-includes/class-wp-hook.php(307): CFPP\Frontend->showCFPPInProductPage()
#3 /home/wilson/projetos/laurenpapelaria/wp-includes/class-wp-hook.php(331): WP_Hook->apply_filters()
#4 /home/wilson/projetos/laurenpapelaria/wp-includes/plugin.php(474): WP_Hook->do_action()
#5 /home/wilson/projetos/laurenpapelaria/wp-content/plugins/woocommerce/templates/single-product/add-to, em /home/wilson/projetos/laurenpapelaria/wp-content/plugins/woo-correios-calculo-de-frete-na-pagina-do-produto/vendor/enshrined/svg-sanitize/src/Sanitizer.php, na linha 96

2022-05-05T22:23:21+00:00 CRITICAL Uncaught Error: Class 'DOMDocument' not found in /home/wilson/projetos/laurenpapelaria/wp-content/plugins/woo-correios-calculo-de-frete-na-pagina-do-produto/vendor/enshrined/svg-sanitize/src/Sanitizer.php:96
Stack trace:
#0 /home/wilson/projetos/laurenpapelaria/wp-content/plugins/woo-correios-calculo-de-frete-na-pagina-do-produto/vendor/enshrined/svg-sanitize/src/Sanitizer.php(200): enshrined\svgSanitize\Sanitizer->resetInternal()
#1 /home/wilson/projetos/laurenpapelaria/wp-content/plugins/woo-correios-calculo-de-frete-na-pagina-do-produto/src/Frontend.php(87): enshrined\svgSanitize\Sanitizer->sanitize()
#2 /home/wilson/projetos/laurenpapelaria/wp-includes/class-wp-hook.php(307): CFPP\Frontend->showCFPPInProductPage()
#3 /home/wilson/projetos/laurenpapelaria/wp-includes/class-wp-hook.php(331): WP_Hook->apply_filters()
#4 /home/wilson/projetos/laurenpapelaria/wp-includes/plugin.php(474): WP_Hook->do_action()
#5 /home/wilson/projetos/laurenpapelaria/wp-content/plugins/woocommerce/templates/single-product/add-to, em /home/wilson/projetos/laurenpapelaria/wp-content/plugins/woo-correios-calculo-de-frete-na-pagina-do-produto/vendor/enshrined/svg-sanitize/src/Sanitizer.php, na linha 96

2022-05-05T22:23:28+00:00 CRITICAL Uncaught Error: Class 'DOMDocument' not found in /home/wilson/projetos/laurenpapelaria/wp-content/plugins/woo-correios-calculo-de-frete-na-pagina-do-produto/vendor/enshrined/svg-sanitize/src/Sanitizer.php:96
Stack trace:
#0 /home/wilson/projetos/laurenpapelaria/wp-content/plugins/woo-correios-calculo-de-frete-na-pagina-do-produto/vendor/enshrined/svg-sanitize/src/Sanitizer.php(200): enshrined\svgSanitize\Sanitizer->resetInternal()
#1 /home/wilson/projetos/laurenpapelaria/wp-content/plugins/woo-correios-calculo-de-frete-na-pagina-do-produto/src/Frontend.php(87): enshrined\svgSanitize\Sanitizer->sanitize()
#2 /home/wilson/projetos/laurenpapelaria/wp-includes/class-wp-hook.php(307): CFPP\Frontend->showCFPPInProductPage()
#3 /home/wilson/projetos/laurenpapelaria/wp-includes/class-wp-hook.php(331): WP_Hook->apply_filters()
#4 /home/wilson/projetos/laurenpapelaria/wp-includes/plugin.php(474): WP_Hook->do_action()
#5 /home/wilson/projetos/laurenpapelaria/wp-content/plugins/woocommerce/templates/single-product/add-to, em /home/wilson/projetos/laurenpapelaria/wp-content/plugins/woo-correios-calculo-de-frete-na-pagina-do-produto/vendor/enshrined/svg-sanitize/src/Sanitizer.php, na linha 96

2022-05-05T22:23:32+00:00 CRITICAL Uncaught Error: Class 'DOMDocument' not found in /home/wilson/projetos/laurenpapelaria/wp-content/plugins/woo-correios-calculo-de-frete-na-pagina-do-produto/vendor/enshrined/svg-sanitize/src/Sanitizer.php:96
Stack trace:
#0 /home/wilson/projetos/laurenpapelaria/wp-content/plugins/woo-correios-calculo-de-frete-na-pagina-do-produto/vendor/enshrined/svg-sanitize/src/Sanitizer.php(200): enshrined\svgSanitize\Sanitizer->resetInternal()
#1 /home/wilson/projetos/laurenpapelaria/wp-content/plugins/woo-correios-calculo-de-frete-na-pagina-do-produto/src/Frontend.php(87): enshrined\svgSanitize\Sanitizer->sanitize()
#2 /home/wilson/projetos/laurenpapelaria/wp-includes/class-wp-hook.php(307): CFPP\Frontend->showCFPPInProductPage()
#3 /home/wilson/projetos/laurenpapelaria/wp-includes/class-wp-hook.php(331): WP_Hook->apply_filters()
#4 /home/wilson/projetos/laurenpapelaria/wp-includes/plugin.php(474): WP_Hook->do_action()
#5 /home/wilson/projetos/laurenpapelaria/wp-content/plugins/woocommerce/templates/single-product/add-to, em /home/wilson/projetos/laurenpapelaria/wp-content/plugins/woo-correios-calculo-de-frete-na-pagina-do-produto/vendor/enshrined/svg-sanitize/src/Sanitizer.php, na linha 96

2022-05-05T23:18:17+00:00 CRITICAL Uncaught Error: Class 'DOMDocument' not found in /home/wilson/projetos/laurenpapelaria/wp-content/plugins/woo-correios-calculo-de-frete-na-pagina-do-produto/vendor/enshrined/svg-sanitize/src/Sanitizer.php:96
Stack trace:
#0 /home/wilson/projetos/laurenpapelaria/wp-content/plugins/woo-correios-calculo-de-frete-na-pagina-do-produto/vendor/enshrined/svg-sanitize/src/Sanitizer.php(200): enshrined\svgSanitize\Sanitizer->resetInternal()
#1 /home/wilson/projetos/laurenpapelaria/wp-content/plugins/woo-correios-calculo-de-frete-na-pagina-do-produto/src/Frontend.php(87): enshrined\svgSanitize\Sanitizer->sanitize()
#2 /home/wilson/projetos/laurenpapelaria/wp-includes/class-wp-hook.php(307): CFPP\Frontend->showCFPPInProductPage()
#3 /home/wilson/projetos/laurenpapelaria/wp-includes/class-wp-hook.php(331): WP_Hook->apply_filters()
#4 /home/wilson/projetos/laurenpapelaria/wp-includes/plugin.php(474): WP_Hook->do_action()
#5 /home/wilson/projetos/laurenpapelaria/wp-content/plugins/woocommerce/templates/single-product/add-to, em /home/wilson/projetos/laurenpapelaria/wp-content/plugins/woo-correios-calculo-de-frete-na-pagina-do-produto/vendor/enshrined/svg-sanitize/src/Sanitizer.php, na linha 96

2022-05-05T23:18:34+00:00 CRITICAL Uncaught Error: Class 'DOMDocument' not found in /home/wilson/projetos/laurenpapelaria/wp-content/plugins/woo-correios-calculo-de-frete-na-pagina-do-produto/vendor/enshrined/svg-sanitize/src/Sanitizer.php:96
Stack trace:
#0 /home/wilson/projetos/laurenpapelaria/wp-content/plugins/woo-correios-calculo-de-frete-na-pagina-do-produto/vendor/enshrined/svg-sanitize/src/Sanitizer.php(200): enshrined\svgSanitize\Sanitizer->resetInternal()
#1 /home/wilson/projetos/laurenpapelaria/wp-content/plugins/woo-correios-calculo-de-frete-na-pagina-do-produto/src/Frontend.php(87): enshrined\svgSanitize\Sanitizer->sanitize()
#2 /home/wilson/projetos/laurenpapelaria/wp-includes/class-wp-hook.php(307): CFPP\Frontend->showCFPPInProductPage()
#3 /home/wilson/projetos/laurenpapelaria/wp-includes/class-wp-hook.php(331): WP_Hook->apply_filters()
#4 /home/wilson/projetos/laurenpapelaria/wp-includes/plugin.php(474): WP_Hook->do_action()
#5 /home/wilson/projetos/laurenpapelaria/wp-content/plugins/woocommerce/templates/single-product/add-to, em /home/wilson/projetos/laurenpapelaria/wp-content/plugins/woo-correios-calculo-de-frete-na-pagina-do-produto/vendor/enshrined/svg-sanitize/src/Sanitizer.php, na linha 96

2022-05-05T23:18:41+00:00 CRITICAL Uncaught Error: Class 'DOMDocument' not found in /home/wilson/projetos/laurenpapelaria/wp-content/plugins/woo-correios-calculo-de-frete-na-pagina-do-produto/vendor/enshrined/svg-sanitize/src/Sanitizer.php:96
Stack trace:
#0 /home/wilson/projetos/laurenpapelaria/wp-content/plugins/woo-correios-calculo-de-frete-na-pagina-do-produto/vendor/enshrined/svg-sanitize/src/Sanitizer.php(200): enshrined\svgSanitize\Sanitizer->resetInternal()
#1 /home/wilson/projetos/laurenpapelaria/wp-content/plugins/woo-correios-calculo-de-frete-na-pagina-do-produto/src/Frontend.php(87): enshrined\svgSanitize\Sanitizer->sanitize()
#2 /home/wilson/projetos/laurenpapelaria/wp-includes/class-wp-hook.php(307): CFPP\Frontend->showCFPPInProductPage()
#3 /home/wilson/projetos/laurenpapelaria/wp-includes/class-wp-hook.php(331): WP_Hook->apply_filters()
#4 /home/wilson/projetos/laurenpapelaria/wp-includes/plugin.php(474): WP_Hook->do_action()
#5 /home/wilson/projetos/laurenpapelaria/wp-content/plugins/woocommerce/templates/single-product/add-to, em /home/wilson/projetos/laurenpapelaria/wp-content/plugins/woo-correios-calculo-de-frete-na-pagina-do-produto/vendor/enshrined/svg-sanitize/src/Sanitizer.php, na linha 96

2022-05-05T23:18:54+00:00 CRITICAL Uncaught Error: Class 'DOMDocument' not found in /home/wilson/projetos/laurenpapelaria/wp-content/plugins/woo-correios-calculo-de-frete-na-pagina-do-produto/vendor/enshrined/svg-sanitize/src/Sanitizer.php:96
Stack trace:
#0 /home/wilson/projetos/laurenpapelaria/wp-content/plugins/woo-correios-calculo-de-frete-na-pagina-do-produto/vendor/enshrined/svg-sanitize/src/Sanitizer.php(200): enshrined\svgSanitize\Sanitizer->resetInternal()
#1 /home/wilson/projetos/laurenpapelaria/wp-content/plugins/woo-correios-calculo-de-frete-na-pagina-do-produto/src/Frontend.php(87): enshrined\svgSanitize\Sanitizer->sanitize()
#2 /home/wilson/projetos/laurenpapelaria/wp-includes/class-wp-hook.php(307): CFPP\Frontend->showCFPPInProductPage()
#3 /home/wilson/projetos/laurenpapelaria/wp-includes/class-wp-hook.php(331): WP_Hook->apply_filters()
#4 /home/wilson/projetos/laurenpapelaria/wp-includes/plugin.php(474): WP_Hook->do_action()
#5 /home/wilson/projetos/laurenpapelaria/wp-content/plugins/woocommerce/templates/single-product/add-to, em /home/wilson/projetos/laurenpapelaria/wp-content/plugins/woo-correios-calculo-de-frete-na-pagina-do-produto/vendor/enshrined/svg-sanitize/src/Sanitizer.php, na linha 96

2022-05-05T23:19:57+00:00 CRITICAL Uncaught Error: Class 'DOMDocument' not found in /home/wilson/projetos/laurenpapelaria/wp-content/plugins/woo-correios-calculo-de-frete-na-pagina-do-produto/vendor/enshrined/svg-sanitize/src/Sanitizer.php:96
Stack trace:
#0 /home/wilson/projetos/laurenpapelaria/wp-content/plugins/woo-correios-calculo-de-frete-na-pagina-do-produto/vendor/enshrined/svg-sanitize/src/Sanitizer.php(200): enshrined\svgSanitize\Sanitizer->resetInternal()
#1 /home/wilson/projetos/laurenpapelaria/wp-content/plugins/woo-correios-calculo-de-frete-na-pagina-do-produto/src/Frontend.php(87): enshrined\svgSanitize\Sanitizer->sanitize()
#2 /home/wilson/projetos/laurenpapelaria/wp-includes/class-wp-hook.php(307): CFPP\Frontend->showCFPPInProductPage()
#3 /home/wilson/projetos/laurenpapelaria/wp-includes/class-wp-hook.php(331): WP_Hook->apply_filters()
#4 /home/wilson/projetos/laurenpapelaria/wp-includes/plugin.php(474): WP_Hook->do_action()
#5 /home/wilson/projetos/laurenpapelaria/wp-content/plugins/woocommerce/templates/single-product/add-to, em /home/wilson/projetos/laurenpapelaria/wp-content/plugins/woo-correios-calculo-de-frete-na-pagina-do-produto/vendor/enshrined/svg-sanitize/src/Sanitizer.php, na linha 96

2022-05-05T23:21:13+00:00 CRITICAL Uncaught Error: Class 'DOMDocument' not found in /home/wilson/projetos/laurenpapelaria/wp-content/plugins/woo-correios-calculo-de-frete-na-pagina-do-produto/vendor/enshrined/svg-sanitize/src/Sanitizer.php:96
Stack trace:
#0 /home/wilson/projetos/laurenpapelaria/wp-content/plugins/woo-correios-calculo-de-frete-na-pagina-do-produto/vendor/enshrined/svg-sanitize/src/Sanitizer.php(200): enshrined\svgSanitize\Sanitizer->resetInternal()
#1 /home/wilson/projetos/laurenpapelaria/wp-content/plugins/woo-correios-calculo-de-frete-na-pagina-do-produto/src/Frontend.php(87): enshrined\svgSanitize\Sanitizer->sanitize()
#2 /home/wilson/projetos/laurenpapelaria/wp-includes/class-wp-hook.php(307): CFPP\Frontend->showCFPPInProductPage()
#3 /home/wilson/projetos/laurenpapelaria/wp-includes/class-wp-hook.php(331): WP_Hook->apply_filters()
#4 /home/wilson/projetos/laurenpapelaria/wp-includes/plugin.php(474): WP_Hook->do_action()
#5 /home/wilson/projetos/laurenpapelaria/wp-content/plugins/woocommerce/templates/single-product/add-to, em /home/wilson/projetos/laurenpapelaria/wp-content/plugins/woo-correios-calculo-de-frete-na-pagina-do-produto/vendor/enshrined/svg-sanitize/src/Sanitizer.php, na linha 96

2022-05-05T23:22:16+00:00 CRITICAL Uncaught Error: Class 'DOMDocument' not found in /home/wilson/projetos/laurenpapelaria/wp-content/plugins/woo-correios-calculo-de-frete-na-pagina-do-produto/vendor/enshrined/svg-sanitize/src/Sanitizer.php:96
Stack trace:
#0 /home/wilson/projetos/laurenpapelaria/wp-content/plugins/woo-correios-calculo-de-frete-na-pagina-do-produto/vendor/enshrined/svg-sanitize/src/Sanitizer.php(200): enshrined\svgSanitize\Sanitizer->resetInternal()
#1 /home/wilson/projetos/laurenpapelaria/wp-content/plugins/woo-correios-calculo-de-frete-na-pagina-do-produto/src/Frontend.php(87): enshrined\svgSanitize\Sanitizer->sanitize()
#2 /home/wilson/projetos/laurenpapelaria/wp-includes/class-wp-hook.php(307): CFPP\Frontend->showCFPPInProductPage()
#3 /home/wilson/projetos/laurenpapelaria/wp-includes/class-wp-hook.php(331): WP_Hook->apply_filters()
#4 /home/wilson/projetos/laurenpapelaria/wp-includes/plugin.php(474): WP_Hook->do_action()
#5 /home/wilson/projetos/laurenpapelaria/wp-content/plugins/woocommerce/templates/single-product/add-to, em /home/wilson/projetos/laurenpapelaria/wp-content/plugins/woo-correios-calculo-de-frete-na-pagina-do-produto/vendor/enshrined/svg-sanitize/src/Sanitizer.php, na linha 96

2022-05-05T23:24:58+00:00 CRITICAL Uncaught Error: Class 'DOMDocument' not found in /home/wilson/projetos/laurenpapelaria/wp-content/plugins/woo-correios-calculo-de-frete-na-pagina-do-produto/vendor/enshrined/svg-sanitize/src/Sanitizer.php:96
Stack trace:
#0 /home/wilson/projetos/laurenpapelaria/wp-content/plugins/woo-correios-calculo-de-frete-na-pagina-do-produto/vendor/enshrined/svg-sanitize/src/Sanitizer.php(200): enshrined\svgSanitize\Sanitizer->resetInternal()
#1 /home/wilson/projetos/laurenpapelaria/wp-content/plugins/woo-correios-calculo-de-frete-na-pagina-do-produto/src/Frontend.php(87): enshrined\svgSanitize\Sanitizer->sanitize()
#2 /home/wilson/projetos/laurenpapelaria/wp-includes/class-wp-hook.php(307): CFPP\Frontend->showCFPPInProductPage()
#3 /home/wilson/projetos/laurenpapelaria/wp-includes/class-wp-hook.php(331): WP_Hook->apply_filters()
#4 /home/wilson/projetos/laurenpapelaria/wp-includes/plugin.php(474): WP_Hook->do_action()
#5 /home/wilson/projetos/laurenpapelaria/wp-content/plugins/woocommerce/templates/single-product/add-to, em /home/wilson/projetos/laurenpapelaria/wp-content/plugins/woo-correios-calculo-de-frete-na-pagina-do-produto/vendor/enshrined/svg-sanitize/src/Sanitizer.php, na linha 96

2022-05-05T23:25:03+00:00 CRITICAL Uncaught Error: Class 'DOMDocument' not found in /home/wilson/projetos/laurenpapelaria/wp-content/plugins/woo-correios-calculo-de-frete-na-pagina-do-produto/vendor/enshrined/svg-sanitize/src/Sanitizer.php:96
Stack trace:
#0 /home/wilson/projetos/laurenpapelaria/wp-content/plugins/woo-correios-calculo-de-frete-na-pagina-do-produto/vendor/enshrined/svg-sanitize/src/Sanitizer.php(200): enshrined\svgSanitize\Sanitizer->resetInternal()
#1 /home/wilson/projetos/laurenpapelaria/wp-content/plugins/woo-correios-calculo-de-frete-na-pagina-do-produto/src/Frontend.php(87): enshrined\svgSanitize\Sanitizer->sanitize()
#2 /home/wilson/projetos/laurenpapelaria/wp-includes/class-wp-hook.php(307): CFPP\Frontend->showCFPPInProductPage()
#3 /home/wilson/projetos/laurenpapelaria/wp-includes/class-wp-hook.php(331): WP_Hook->apply_filters()
#4 /home/wilson/projetos/laurenpapelaria/wp-includes/plugin.php(474): WP_Hook->do_action()
#5 /home/wilson/projetos/laurenpapelaria/wp-content/plugins/woocommerce/templates/single-product/add-to, em /home/wilson/projetos/laurenpapelaria/wp-content/plugins/woo-correios-calculo-de-frete-na-pagina-do-produto/vendor/enshrined/svg-sanitize/src/Sanitizer.php, na linha 96

2022-05-05T23:25:10+00:00 CRITICAL Uncaught Error: Class 'DOMDocument' not found in /home/wilson/projetos/laurenpapelaria/wp-content/plugins/woo-correios-calculo-de-frete-na-pagina-do-produto/vendor/enshrined/svg-sanitize/src/Sanitizer.php:96
Stack trace:
#0 /home/wilson/projetos/laurenpapelaria/wp-content/plugins/woo-correios-calculo-de-frete-na-pagina-do-produto/vendor/enshrined/svg-sanitize/src/Sanitizer.php(200): enshrined\svgSanitize\Sanitizer->resetInternal()
#1 /home/wilson/projetos/laurenpapelaria/wp-content/plugins/woo-correios-calculo-de-frete-na-pagina-do-produto/src/Frontend.php(87): enshrined\svgSanitize\Sanitizer->sanitize()
#2 /home/wilson/projetos/laurenpapelaria/wp-includes/class-wp-hook.php(307): CFPP\Frontend->showCFPPInProductPage()
#3 /home/wilson/projetos/laurenpapelaria/wp-includes/class-wp-hook.php(331): WP_Hook->apply_filters()
#4 /home/wilson/projetos/laurenpapelaria/wp-includes/plugin.php(474): WP_Hook->do_action()
#5 /home/wilson/projetos/laurenpapelaria/wp-content/plugins/woocommerce/templates/single-product/add-to, em /home/wilson/projetos/laurenpapelaria/wp-content/plugins/woo-correios-calculo-de-frete-na-pagina-do-produto/vendor/enshrined/svg-sanitize/src/Sanitizer.php, na linha 96

2022-05-05T23:25:29+00:00 CRITICAL Uncaught Error: Class 'DOMDocument' not found in /home/wilson/projetos/laurenpapelaria/wp-content/plugins/woo-correios-calculo-de-frete-na-pagina-do-produto/vendor/enshrined/svg-sanitize/src/Sanitizer.php:96
Stack trace:
#0 /home/wilson/projetos/laurenpapelaria/wp-content/plugins/woo-correios-calculo-de-frete-na-pagina-do-produto/vendor/enshrined/svg-sanitize/src/Sanitizer.php(200): enshrined\svgSanitize\Sanitizer->resetInternal()
#1 /home/wilson/projetos/laurenpapelaria/wp-content/plugins/woo-correios-calculo-de-frete-na-pagina-do-produto/src/Frontend.php(87): enshrined\svgSanitize\Sanitizer->sanitize()
#2 /home/wilson/projetos/laurenpapelaria/wp-includes/class-wp-hook.php(307): CFPP\Frontend->showCFPPInProductPage()
#3 /home/wilson/projetos/laurenpapelaria/wp-includes/class-wp-hook.php(331): WP_Hook->apply_filters()
#4 /home/wilson/projetos/laurenpapelaria/wp-includes/plugin.php(474): WP_Hook->do_action()
#5 /home/wilson/projetos/laurenpapelaria/wp-content/plugins/woocommerce/templates/single-product/add-to, em /home/wilson/projetos/laurenpapelaria/wp-content/plugins/woo-correios-calculo-de-frete-na-pagina-do-produto/vendor/enshrined/svg-sanitize/src/Sanitizer.php, na linha 96

2022-05-05T23:25:47+00:00 CRITICAL Uncaught Error: Class 'DOMDocument' not found in /home/wilson/projetos/laurenpapelaria/wp-content/plugins/woo-correios-calculo-de-frete-na-pagina-do-produto/vendor/enshrined/svg-sanitize/src/Sanitizer.php:96
Stack trace:
#0 /home/wilson/projetos/laurenpapelaria/wp-content/plugins/woo-correios-calculo-de-frete-na-pagina-do-produto/vendor/enshrined/svg-sanitize/src/Sanitizer.php(200): enshrined\svgSanitize\Sanitizer->resetInternal()
#1 /home/wilson/projetos/laurenpapelaria/wp-content/plugins/woo-correios-calculo-de-frete-na-pagina-do-produto/src/Frontend.php(87): enshrined\svgSanitize\Sanitizer->sanitize()
#2 /home/wilson/projetos/laurenpapelaria/wp-includes/class-wp-hook.php(307): CFPP\Frontend->showCFPPInProductPage()
#3 /home/wilson/projetos/laurenpapelaria/wp-includes/class-wp-hook.php(331): WP_Hook->apply_filters()
#4 /home/wilson/projetos/laurenpapelaria/wp-includes/plugin.php(474): WP_Hook->do_action()
#5 /home/wilson/projetos/laurenpapelaria/wp-content/plugins/woocommerce/templates/single-product/add-to, em /home/wilson/projetos/laurenpapelaria/wp-content/plugins/woo-correios-calculo-de-frete-na-pagina-do-produto/vendor/enshrined/svg-sanitize/src/Sanitizer.php, na linha 96

2022-05-05T23:26:02+00:00 CRITICAL Uncaught Error: Class 'DOMDocument' not found in /home/wilson/projetos/laurenpapelaria/wp-content/plugins/woo-correios-calculo-de-frete-na-pagina-do-produto/vendor/enshrined/svg-sanitize/src/Sanitizer.php:96
Stack trace:
#0 /home/wilson/projetos/laurenpapelaria/wp-content/plugins/woo-correios-calculo-de-frete-na-pagina-do-produto/vendor/enshrined/svg-sanitize/src/Sanitizer.php(200): enshrined\svgSanitize\Sanitizer->resetInternal()
#1 /home/wilson/projetos/laurenpapelaria/wp-content/plugins/woo-correios-calculo-de-frete-na-pagina-do-produto/src/Frontend.php(87): enshrined\svgSanitize\Sanitizer->sanitize()
#2 /home/wilson/projetos/laurenpapelaria/wp-includes/class-wp-hook.php(307): CFPP\Frontend->showCFPPInProductPage()
#3 /home/wilson/projetos/laurenpapelaria/wp-includes/class-wp-hook.php(331): WP_Hook->apply_filters()
#4 /home/wilson/projetos/laurenpapelaria/wp-includes/plugin.php(474): WP_Hook->do_action()
#5 /home/wilson/projetos/laurenpapelaria/wp-content/plugins/woocommerce/templates/single-product/add-to, em /home/wilson/projetos/laurenpapelaria/wp-content/plugins/woo-correios-calculo-de-frete-na-pagina-do-produto/vendor/enshrined/svg-sanitize/src/Sanitizer.php, na linha 96

2022-05-05T23:27:09+00:00 CRITICAL Uncaught Error: Class 'DOMDocument' not found in /home/wilson/projetos/laurenpapelaria/wp-content/plugins/woo-correios-calculo-de-frete-na-pagina-do-produto/vendor/enshrined/svg-sanitize/src/Sanitizer.php:96
Stack trace:
#0 /home/wilson/projetos/laurenpapelaria/wp-content/plugins/woo-correios-calculo-de-frete-na-pagina-do-produto/vendor/enshrined/svg-sanitize/src/Sanitizer.php(200): enshrined\svgSanitize\Sanitizer->resetInternal()
#1 /home/wilson/projetos/laurenpapelaria/wp-content/plugins/woo-correios-calculo-de-frete-na-pagina-do-produto/src/Frontend.php(87): enshrined\svgSanitize\Sanitizer->sanitize()
#2 /home/wilson/projetos/laurenpapelaria/wp-includes/class-wp-hook.php(307): CFPP\Frontend->showCFPPInProductPage()
#3 /home/wilson/projetos/laurenpapelaria/wp-includes/class-wp-hook.php(331): WP_Hook->apply_filters()
#4 /home/wilson/projetos/laurenpapelaria/wp-includes/plugin.php(474): WP_Hook->do_action()
#5 /home/wilson/projetos/laurenpapelaria/wp-content/plugins/woocommerce/templates/single-product/add-to, em /home/wilson/projetos/laurenpapelaria/wp-content/plugins/woo-correios-calculo-de-frete-na-pagina-do-produto/vendor/enshrined/svg-sanitize/src/Sanitizer.php, na linha 96

2022-05-05T23:28:01+00:00 CRITICAL Uncaught Error: Class 'DOMDocument' not found in /home/wilson/projetos/laurenpapelaria/wp-content/plugins/woo-correios-calculo-de-frete-na-pagina-do-produto/vendor/enshrined/svg-sanitize/src/Sanitizer.php:96
Stack trace:
#0 /home/wilson/projetos/laurenpapelaria/wp-content/plugins/woo-correios-calculo-de-frete-na-pagina-do-produto/vendor/enshrined/svg-sanitize/src/Sanitizer.php(200): enshrined\svgSanitize\Sanitizer->resetInternal()
#1 /home/wilson/projetos/laurenpapelaria/wp-content/plugins/woo-correios-calculo-de-frete-na-pagina-do-produto/src/Frontend.php(87): enshrined\svgSanitize\Sanitizer->sanitize()
#2 /home/wilson/projetos/laurenpapelaria/wp-includes/class-wp-hook.php(307): CFPP\Frontend->showCFPPInProductPage()
#3 /home/wilson/projetos/laurenpapelaria/wp-includes/class-wp-hook.php(331): WP_Hook->apply_filters()
#4 /home/wilson/projetos/laurenpapelaria/wp-includes/plugin.php(474): WP_Hook->do_action()
#5 /home/wilson/projetos/laurenpapelaria/wp-content/plugins/woocommerce/templates/single-product/add-to, em /home/wilson/projetos/laurenpapelaria/wp-content/plugins/woo-correios-calculo-de-frete-na-pagina-do-produto/vendor/enshrined/svg-sanitize/src/Sanitizer.php, na linha 96

2022-05-05T23:28:03+00:00 CRITICAL Uncaught Error: Class 'DOMDocument' not found in /home/wilson/projetos/laurenpapelaria/wp-content/plugins/woo-correios-calculo-de-frete-na-pagina-do-produto/vendor/enshrined/svg-sanitize/src/Sanitizer.php:96
Stack trace:
#0 /home/wilson/projetos/laurenpapelaria/wp-content/plugins/woo-correios-calculo-de-frete-na-pagina-do-produto/vendor/enshrined/svg-sanitize/src/Sanitizer.php(200): enshrined\svgSanitize\Sanitizer->resetInternal()
#1 /home/wilson/projetos/laurenpapelaria/wp-content/plugins/woo-correios-calculo-de-frete-na-pagina-do-produto/src/Frontend.php(87): enshrined\svgSanitize\Sanitizer->sanitize()
#2 /home/wilson/projetos/laurenpapelaria/wp-includes/class-wp-hook.php(307): CFPP\Frontend->showCFPPInProductPage()
#3 /home/wilson/projetos/laurenpapelaria/wp-includes/class-wp-hook.php(331): WP_Hook->apply_filters()
#4 /home/wilson/projetos/laurenpapelaria/wp-includes/plugin.php(474): WP_Hook->do_action()
#5 /home/wilson/projetos/laurenpapelaria/wp-content/plugins/woocommerce/templates/single-product/add-to, em /home/wilson/projetos/laurenpapelaria/wp-content/plugins/woo-correios-calculo-de-frete-na-pagina-do-produto/vendor/enshrined/svg-sanitize/src/Sanitizer.php, na linha 96

2022-05-05T23:28:23+00:00 CRITICAL Uncaught Error: Class 'DOMDocument' not found in /home/wilson/projetos/laurenpapelaria/wp-content/plugins/woo-correios-calculo-de-frete-na-pagina-do-produto/vendor/enshrined/svg-sanitize/src/Sanitizer.php:96
Stack trace:
#0 /home/wilson/projetos/laurenpapelaria/wp-content/plugins/woo-correios-calculo-de-frete-na-pagina-do-produto/vendor/enshrined/svg-sanitize/src/Sanitizer.php(200): enshrined\svgSanitize\Sanitizer->resetInternal()
#1 /home/wilson/projetos/laurenpapelaria/wp-content/plugins/woo-correios-calculo-de-frete-na-pagina-do-produto/src/Frontend.php(87): enshrined\svgSanitize\Sanitizer->sanitize()
#2 /home/wilson/projetos/laurenpapelaria/wp-includes/class-wp-hook.php(307): CFPP\Frontend->showCFPPInProductPage()
#3 /home/wilson/projetos/laurenpapelaria/wp-includes/class-wp-hook.php(331): WP_Hook->apply_filters()
#4 /home/wilson/projetos/laurenpapelaria/wp-includes/plugin.php(474): WP_Hook->do_action()
#5 /home/wilson/projetos/laurenpapelaria/wp-content/plugins/woocommerce/templates/single-product/add-to, em /home/wilson/projetos/laurenpapelaria/wp-content/plugins/woo-correios-calculo-de-frete-na-pagina-do-produto/vendor/enshrined/svg-sanitize/src/Sanitizer.php, na linha 96

2022-05-05T23:28:30+00:00 CRITICAL Uncaught Error: Class 'DOMDocument' not found in /home/wilson/projetos/laurenpapelaria/wp-content/plugins/woo-correios-calculo-de-frete-na-pagina-do-produto/vendor/enshrined/svg-sanitize/src/Sanitizer.php:96
Stack trace:
#0 /home/wilson/projetos/laurenpapelaria/wp-content/plugins/woo-correios-calculo-de-frete-na-pagina-do-produto/vendor/enshrined/svg-sanitize/src/Sanitizer.php(200): enshrined\svgSanitize\Sanitizer->resetInternal()
#1 /home/wilson/projetos/laurenpapelaria/wp-content/plugins/woo-correios-calculo-de-frete-na-pagina-do-produto/src/Frontend.php(87): enshrined\svgSanitize\Sanitizer->sanitize()
#2 /home/wilson/projetos/laurenpapelaria/wp-includes/class-wp-hook.php(307): CFPP\Frontend->showCFPPInProductPage()
#3 /home/wilson/projetos/laurenpapelaria/wp-includes/class-wp-hook.php(331): WP_Hook->apply_filters()
#4 /home/wilson/projetos/laurenpapelaria/wp-includes/plugin.php(474): WP_Hook->do_action()
#5 /home/wilson/projetos/laurenpapelaria/wp-content/plugins/woocommerce/templates/single-product/add-to, em /home/wilson/projetos/laurenpapelaria/wp-content/plugins/woo-correios-calculo-de-frete-na-pagina-do-produto/vendor/enshrined/svg-sanitize/src/Sanitizer.php, na linha 96

2022-05-05T23:28:32+00:00 CRITICAL Uncaught Error: Class 'DOMDocument' not found in /home/wilson/projetos/laurenpapelaria/wp-content/plugins/woo-correios-calculo-de-frete-na-pagina-do-produto/vendor/enshrined/svg-sanitize/src/Sanitizer.php:96
Stack trace:
#0 /home/wilson/projetos/laurenpapelaria/wp-content/plugins/woo-correios-calculo-de-frete-na-pagina-do-produto/vendor/enshrined/svg-sanitize/src/Sanitizer.php(200): enshrined\svgSanitize\Sanitizer->resetInternal()
#1 /home/wilson/projetos/laurenpapelaria/wp-content/plugins/woo-correios-calculo-de-frete-na-pagina-do-produto/src/Frontend.php(87): enshrined\svgSanitize\Sanitizer->sanitize()
#2 /home/wilson/projetos/laurenpapelaria/wp-includes/class-wp-hook.php(307): CFPP\Frontend->showCFPPInProductPage()
#3 /home/wilson/projetos/laurenpapelaria/wp-includes/class-wp-hook.php(331): WP_Hook->apply_filters()
#4 /home/wilson/projetos/laurenpapelaria/wp-includes/plugin.php(474): WP_Hook->do_action()
#5 /home/wilson/projetos/laurenpapelaria/wp-content/plugins/woocommerce/templates/single-product/add-to, em /home/wilson/projetos/laurenpapelaria/wp-content/plugins/woo-correios-calculo-de-frete-na-pagina-do-produto/vendor/enshrined/svg-sanitize/src/Sanitizer.php, na linha 96

2022-05-05T23:29:25+00:00 CRITICAL Uncaught Error: Class 'DOMDocument' not found in /home/wilson/projetos/laurenpapelaria/wp-content/plugins/woo-correios-calculo-de-frete-na-pagina-do-produto/vendor/enshrined/svg-sanitize/src/Sanitizer.php:96
Stack trace:
#0 /home/wilson/projetos/laurenpapelaria/wp-content/plugins/woo-correios-calculo-de-frete-na-pagina-do-produto/vendor/enshrined/svg-sanitize/src/Sanitizer.php(200): enshrined\svgSanitize\Sanitizer->resetInternal()
#1 /home/wilson/projetos/laurenpapelaria/wp-content/plugins/woo-correios-calculo-de-frete-na-pagina-do-produto/src/Frontend.php(87): enshrined\svgSanitize\Sanitizer->sanitize()
#2 /home/wilson/projetos/laurenpapelaria/wp-includes/class-wp-hook.php(307): CFPP\Frontend->showCFPPInProductPage()
#3 /home/wilson/projetos/laurenpapelaria/wp-includes/class-wp-hook.php(331): WP_Hook->apply_filters()
#4 /home/wilson/projetos/laurenpapelaria/wp-includes/plugin.php(474): WP_Hook->do_action()
#5 /home/wilson/projetos/laurenpapelaria/wp-content/plugins/woocommerce/templates/single-product/add-to, em /home/wilson/projetos/laurenpapelaria/wp-content/plugins/woo-correios-calculo-de-frete-na-pagina-do-produto/vendor/enshrined/svg-sanitize/src/Sanitizer.php, na linha 96

2022-05-05T23:29:31+00:00 CRITICAL Uncaught Error: Class 'DOMDocument' not found in /home/wilson/projetos/laurenpapelaria/wp-content/plugins/woo-correios-calculo-de-frete-na-pagina-do-produto/vendor/enshrined/svg-sanitize/src/Sanitizer.php:96
Stack trace:
#0 /home/wilson/projetos/laurenpapelaria/wp-content/plugins/woo-correios-calculo-de-frete-na-pagina-do-produto/vendor/enshrined/svg-sanitize/src/Sanitizer.php(200): enshrined\svgSanitize\Sanitizer->resetInternal()
#1 /home/wilson/projetos/laurenpapelaria/wp-content/plugins/woo-correios-calculo-de-frete-na-pagina-do-produto/src/Frontend.php(87): enshrined\svgSanitize\Sanitizer->sanitize()
#2 /home/wilson/projetos/laurenpapelaria/wp-includes/class-wp-hook.php(307): CFPP\Frontend->showCFPPInProductPage()
#3 /home/wilson/projetos/laurenpapelaria/wp-includes/class-wp-hook.php(331): WP_Hook->apply_filters()
#4 /home/wilson/projetos/laurenpapelaria/wp-includes/plugin.php(474): WP_Hook->do_action()
#5 /home/wilson/projetos/laurenpapelaria/wp-content/plugins/woocommerce/templates/single-product/add-to, em /home/wilson/projetos/laurenpapelaria/wp-content/plugins/woo-correios-calculo-de-frete-na-pagina-do-produto/vendor/enshrined/svg-sanitize/src/Sanitizer.php, na linha 96

2022-05-05T23:29:38+00:00 CRITICAL Uncaught Error: Class 'DOMDocument' not found in /home/wilson/projetos/laurenpapelaria/wp-content/plugins/woo-correios-calculo-de-frete-na-pagina-do-produto/vendor/enshrined/svg-sanitize/src/Sanitizer.php:96
Stack trace:
#0 /home/wilson/projetos/laurenpapelaria/wp-content/plugins/woo-correios-calculo-de-frete-na-pagina-do-produto/vendor/enshrined/svg-sanitize/src/Sanitizer.php(200): enshrined\svgSanitize\Sanitizer->resetInternal()
#1 /home/wilson/projetos/laurenpapelaria/wp-content/plugins/woo-correios-calculo-de-frete-na-pagina-do-produto/src/Frontend.php(87): enshrined\svgSanitize\Sanitizer->sanitize()
#2 /home/wilson/projetos/laurenpapelaria/wp-includes/class-wp-hook.php(307): CFPP\Frontend->showCFPPInProductPage()
#3 /home/wilson/projetos/laurenpapelaria/wp-includes/class-wp-hook.php(331): WP_Hook->apply_filters()
#4 /home/wilson/projetos/laurenpapelaria/wp-includes/plugin.php(474): WP_Hook->do_action()
#5 /home/wilson/projetos/laurenpapelaria/wp-content/plugins/woocommerce/templates/single-product/add-to, em /home/wilson/projetos/laurenpapelaria/wp-content/plugins/woo-correios-calculo-de-frete-na-pagina-do-produto/vendor/enshrined/svg-sanitize/src/Sanitizer.php, na linha 96

2022-05-05T23:29:48+00:00 CRITICAL Uncaught Error: Class 'DOMDocument' not found in /home/wilson/projetos/laurenpapelaria/wp-content/plugins/woo-correios-calculo-de-frete-na-pagina-do-produto/vendor/enshrined/svg-sanitize/src/Sanitizer.php:96
Stack trace:
#0 /home/wilson/projetos/laurenpapelaria/wp-content/plugins/woo-correios-calculo-de-frete-na-pagina-do-produto/vendor/enshrined/svg-sanitize/src/Sanitizer.php(200): enshrined\svgSanitize\Sanitizer->resetInternal()
#1 /home/wilson/projetos/laurenpapelaria/wp-content/plugins/woo-correios-calculo-de-frete-na-pagina-do-produto/src/Frontend.php(87): enshrined\svgSanitize\Sanitizer->sanitize()
#2 /home/wilson/projetos/laurenpapelaria/wp-includes/class-wp-hook.php(307): CFPP\Frontend->showCFPPInProductPage()
#3 /home/wilson/projetos/laurenpapelaria/wp-includes/class-wp-hook.php(331): WP_Hook->apply_filters()
#4 /home/wilson/projetos/laurenpapelaria/wp-includes/plugin.php(474): WP_Hook->do_action()
#5 /home/wilson/projetos/laurenpapelaria/wp-content/plugins/woocommerce/templates/single-product/add-to, em /home/wilson/projetos/laurenpapelaria/wp-content/plugins/woo-correios-calculo-de-frete-na-pagina-do-produto/vendor/enshrined/svg-sanitize/src/Sanitizer.php, na linha 96

2022-05-05T23:30:44+00:00 CRITICAL Uncaught Error: Class 'DOMDocument' not found in /home/wilson/projetos/laurenpapelaria/wp-content/plugins/woo-correios-calculo-de-frete-na-pagina-do-produto/vendor/enshrined/svg-sanitize/src/Sanitizer.php:96
Stack trace:
#0 /home/wilson/projetos/laurenpapelaria/wp-content/plugins/woo-correios-calculo-de-frete-na-pagina-do-produto/vendor/enshrined/svg-sanitize/src/Sanitizer.php(200): enshrined\svgSanitize\Sanitizer->resetInternal()
#1 /home/wilson/projetos/laurenpapelaria/wp-content/plugins/woo-correios-calculo-de-frete-na-pagina-do-produto/src/Frontend.php(87): enshrined\svgSanitize\Sanitizer->sanitize()
#2 /home/wilson/projetos/laurenpapelaria/wp-includes/class-wp-hook.php(307): CFPP\Frontend->showCFPPInProductPage()
#3 /home/wilson/projetos/laurenpapelaria/wp-includes/class-wp-hook.php(331): WP_Hook->apply_filters()
#4 /home/wilson/projetos/laurenpapelaria/wp-includes/plugin.php(474): WP_Hook->do_action()
#5 /home/wilson/projetos/laurenpapelaria/wp-content/plugins/woocommerce/templates/single-product/add-to, em /home/wilson/projetos/laurenpapelaria/wp-content/plugins/woo-correios-calculo-de-frete-na-pagina-do-produto/vendor/enshrined/svg-sanitize/src/Sanitizer.php, na linha 96

2022-05-05T23:30:46+00:00 CRITICAL Uncaught Error: Class 'DOMDocument' not found in /home/wilson/projetos/laurenpapelaria/wp-content/plugins/woo-correios-calculo-de-frete-na-pagina-do-produto/vendor/enshrined/svg-sanitize/src/Sanitizer.php:96
Stack trace:
#0 /home/wilson/projetos/laurenpapelaria/wp-content/plugins/woo-correios-calculo-de-frete-na-pagina-do-produto/vendor/enshrined/svg-sanitize/src/Sanitizer.php(200): enshrined\svgSanitize\Sanitizer->resetInternal()
#1 /home/wilson/projetos/laurenpapelaria/wp-content/plugins/woo-correios-calculo-de-frete-na-pagina-do-produto/src/Frontend.php(87): enshrined\svgSanitize\Sanitizer->sanitize()
#2 /home/wilson/projetos/laurenpapelaria/wp-includes/class-wp-hook.php(307): CFPP\Frontend->showCFPPInProductPage()
#3 /home/wilson/projetos/laurenpapelaria/wp-includes/class-wp-hook.php(331): WP_Hook->apply_filters()
#4 /home/wilson/projetos/laurenpapelaria/wp-includes/plugin.php(474): WP_Hook->do_action()
#5 /home/wilson/projetos/laurenpapelaria/wp-content/plugins/woocommerce/templates/single-product/add-to, em /home/wilson/projetos/laurenpapelaria/wp-content/plugins/woo-correios-calculo-de-frete-na-pagina-do-produto/vendor/enshrined/svg-sanitize/src/Sanitizer.php, na linha 96

2022-05-05T23:31:00+00:00 CRITICAL Uncaught Error: Class 'DOMDocument' not found in /home/wilson/projetos/laurenpapelaria/wp-content/plugins/woo-correios-calculo-de-frete-na-pagina-do-produto/vendor/enshrined/svg-sanitize/src/Sanitizer.php:96
Stack trace:
#0 /home/wilson/projetos/laurenpapelaria/wp-content/plugins/woo-correios-calculo-de-frete-na-pagina-do-produto/vendor/enshrined/svg-sanitize/src/Sanitizer.php(200): enshrined\svgSanitize\Sanitizer->resetInternal()
#1 /home/wilson/projetos/laurenpapelaria/wp-content/plugins/woo-correios-calculo-de-frete-na-pagina-do-produto/src/Frontend.php(87): enshrined\svgSanitize\Sanitizer->sanitize()
#2 /home/wilson/projetos/laurenpapelaria/wp-includes/class-wp-hook.php(307): CFPP\Frontend->showCFPPInProductPage()
#3 /home/wilson/projetos/laurenpapelaria/wp-includes/class-wp-hook.php(331): WP_Hook->apply_filters()
#4 /home/wilson/projetos/laurenpapelaria/wp-includes/plugin.php(474): WP_Hook->do_action()
#5 /home/wilson/projetos/laurenpapelaria/wp-content/plugins/woocommerce/templates/single-product/add-to, em /home/wilson/projetos/laurenpapelaria/wp-content/plugins/woo-correios-calculo-de-frete-na-pagina-do-produto/vendor/enshrined/svg-sanitize/src/Sanitizer.php, na linha 96

2022-05-05T23:31:09+00:00 CRITICAL Uncaught Error: Class 'DOMDocument' not found in /home/wilson/projetos/laurenpapelaria/wp-content/plugins/woo-correios-calculo-de-frete-na-pagina-do-produto/vendor/enshrined/svg-sanitize/src/Sanitizer.php:96
Stack trace:
#0 /home/wilson/projetos/laurenpapelaria/wp-content/plugins/woo-correios-calculo-de-frete-na-pagina-do-produto/vendor/enshrined/svg-sanitize/src/Sanitizer.php(200): enshrined\svgSanitize\Sanitizer->resetInternal()
#1 /home/wilson/projetos/laurenpapelaria/wp-content/plugins/woo-correios-calculo-de-frete-na-pagina-do-produto/src/Frontend.php(87): enshrined\svgSanitize\Sanitizer->sanitize()
#2 /home/wilson/projetos/laurenpapelaria/wp-includes/class-wp-hook.php(307): CFPP\Frontend->showCFPPInProductPage()
#3 /home/wilson/projetos/laurenpapelaria/wp-includes/class-wp-hook.php(331): WP_Hook->apply_filters()
#4 /home/wilson/projetos/laurenpapelaria/wp-includes/plugin.php(474): WP_Hook->do_action()
#5 /home/wilson/projetos/laurenpapelaria/wp-content/plugins/woocommerce/templates/single-product/add-to, em /home/wilson/projetos/laurenpapelaria/wp-content/plugins/woo-correios-calculo-de-frete-na-pagina-do-produto/vendor/enshrined/svg-sanitize/src/Sanitizer.php, na linha 96

2022-05-05T23:31:28+00:00 CRITICAL Uncaught Error: Class 'DOMDocument' not found in /home/wilson/projetos/laurenpapelaria/wp-content/plugins/woo-correios-calculo-de-frete-na-pagina-do-produto/vendor/enshrined/svg-sanitize/src/Sanitizer.php:96
Stack trace:
#0 /home/wilson/projetos/laurenpapelaria/wp-content/plugins/woo-correios-calculo-de-frete-na-pagina-do-produto/vendor/enshrined/svg-sanitize/src/Sanitizer.php(200): enshrined\svgSanitize\Sanitizer->resetInternal()
#1 /home/wilson/projetos/laurenpapelaria/wp-content/plugins/woo-correios-calculo-de-frete-na-pagina-do-produto/src/Frontend.php(87): enshrined\svgSanitize\Sanitizer->sanitize()
#2 /home/wilson/projetos/laurenpapelaria/wp-includes/class-wp-hook.php(307): CFPP\Frontend->showCFPPInProductPage()
#3 /home/wilson/projetos/laurenpapelaria/wp-includes/class-wp-hook.php(331): WP_Hook->apply_filters()
#4 /home/wilson/projetos/laurenpapelaria/wp-includes/plugin.php(474): WP_Hook->do_action()
#5 /home/wilson/projetos/laurenpapelaria/wp-content/plugins/woocommerce/templates/single-product/add-to, em /home/wilson/projetos/laurenpapelaria/wp-content/plugins/woo-correios-calculo-de-frete-na-pagina-do-produto/vendor/enshrined/svg-sanitize/src/Sanitizer.php, na linha 96

2022-05-05T23:31:36+00:00 CRITICAL Uncaught Error: Class 'DOMDocument' not found in /home/wilson/projetos/laurenpapelaria/wp-content/plugins/woo-correios-calculo-de-frete-na-pagina-do-produto/vendor/enshrined/svg-sanitize/src/Sanitizer.php:96
Stack trace:
#0 /home/wilson/projetos/laurenpapelaria/wp-content/plugins/woo-correios-calculo-de-frete-na-pagina-do-produto/vendor/enshrined/svg-sanitize/src/Sanitizer.php(200): enshrined\svgSanitize\Sanitizer->resetInternal()
#1 /home/wilson/projetos/laurenpapelaria/wp-content/plugins/woo-correios-calculo-de-frete-na-pagina-do-produto/src/Frontend.php(87): enshrined\svgSanitize\Sanitizer->sanitize()
#2 /home/wilson/projetos/laurenpapelaria/wp-includes/class-wp-hook.php(307): CFPP\Frontend->showCFPPInProductPage()
#3 /home/wilson/projetos/laurenpapelaria/wp-includes/class-wp-hook.php(331): WP_Hook->apply_filters()
#4 /home/wilson/projetos/laurenpapelaria/wp-includes/plugin.php(474): WP_Hook->do_action()
#5 /home/wilson/projetos/laurenpapelaria/wp-content/plugins/woocommerce/templates/single-product/add-to, em /home/wilson/projetos/laurenpapelaria/wp-content/plugins/woo-correios-calculo-de-frete-na-pagina-do-produto/vendor/enshrined/svg-sanitize/src/Sanitizer.php, na linha 96

2022-05-05T23:34:57+00:00 CRITICAL Uncaught Error: Class 'DOMDocument' not found in /home/wilson/projetos/laurenpapelaria/wp-content/plugins/woo-correios-calculo-de-frete-na-pagina-do-produto/vendor/enshrined/svg-sanitize/src/Sanitizer.php:96
Stack trace:
#0 /home/wilson/projetos/laurenpapelaria/wp-content/plugins/woo-correios-calculo-de-frete-na-pagina-do-produto/vendor/enshrined/svg-sanitize/src/Sanitizer.php(200): enshrined\svgSanitize\Sanitizer->resetInternal()
#1 /home/wilson/projetos/laurenpapelaria/wp-content/plugins/woo-correios-calculo-de-frete-na-pagina-do-produto/src/Frontend.php(87): enshrined\svgSanitize\Sanitizer->sanitize()
#2 /home/wilson/projetos/laurenpapelaria/wp-includes/class-wp-hook.php(307): CFPP\Frontend->showCFPPInProductPage()
#3 /home/wilson/projetos/laurenpapelaria/wp-includes/class-wp-hook.php(331): WP_Hook->apply_filters()
#4 /home/wilson/projetos/laurenpapelaria/wp-includes/plugin.php(474): WP_Hook->do_action()
#5 /home/wilson/projetos/laurenpapelaria/wp-content/plugins/woocommerce/templates/single-product/add-to, em /home/wilson/projetos/laurenpapelaria/wp-content/plugins/woo-correios-calculo-de-frete-na-pagina-do-produto/vendor/enshrined/svg-sanitize/src/Sanitizer.php, na linha 96

2022-05-05T23:39:20+00:00 CRITICAL Uncaught Error: Class 'DOMDocument' not found in /home/wilson/projetos/laurenpapelaria/wp-content/plugins/woo-correios-calculo-de-frete-na-pagina-do-produto/vendor/enshrined/svg-sanitize/src/Sanitizer.php:96
Stack trace:
#0 /home/wilson/projetos/laurenpapelaria/wp-content/plugins/woo-correios-calculo-de-frete-na-pagina-do-produto/vendor/enshrined/svg-sanitize/src/Sanitizer.php(200): enshrined\svgSanitize\Sanitizer->resetInternal()
#1 /home/wilson/projetos/laurenpapelaria/wp-content/plugins/woo-correios-calculo-de-frete-na-pagina-do-produto/src/Frontend.php(87): enshrined\svgSanitize\Sanitizer->sanitize()
#2 /home/wilson/projetos/laurenpapelaria/wp-includes/class-wp-hook.php(307): CFPP\Frontend->showCFPPInProductPage()
#3 /home/wilson/projetos/laurenpapelaria/wp-includes/class-wp-hook.php(331): WP_Hook->apply_filters()
#4 /home/wilson/projetos/laurenpapelaria/wp-includes/plugin.php(474): WP_Hook->do_action()
#5 /home/wilson/projetos/laurenpapelaria/wp-content/plugins/woocommerce/templates/single-product/add-to, em /home/wilson/projetos/laurenpapelaria/wp-content/plugins/woo-correios-calculo-de-frete-na-pagina-do-produto/vendor/enshrined/svg-sanitize/src/Sanitizer.php, na linha 96

2022-05-05T23:41:03+00:00 CRITICAL Uncaught Error: Class 'DOMDocument' not found in /home/wilson/projetos/laurenpapelaria/wp-content/plugins/woo-correios-calculo-de-frete-na-pagina-do-produto/vendor/enshrined/svg-sanitize/src/Sanitizer.php:96
Stack trace:
#0 /home/wilson/projetos/laurenpapelaria/wp-content/plugins/woo-correios-calculo-de-frete-na-pagina-do-produto/vendor/enshrined/svg-sanitize/src/Sanitizer.php(200): enshrined\svgSanitize\Sanitizer->resetInternal()
#1 /home/wilson/projetos/laurenpapelaria/wp-content/plugins/woo-correios-calculo-de-frete-na-pagina-do-produto/src/Frontend.php(87): enshrined\svgSanitize\Sanitizer->sanitize()
#2 /home/wilson/projetos/laurenpapelaria/wp-includes/class-wp-hook.php(307): CFPP\Frontend->showCFPPInProductPage()
#3 /home/wilson/projetos/laurenpapelaria/wp-includes/class-wp-hook.php(331): WP_Hook->apply_filters()
#4 /home/wilson/projetos/laurenpapelaria/wp-includes/plugin.php(474): WP_Hook->do_action()
#5 /home/wilson/projetos/laurenpapelaria/wp-content/plugins/woocommerce/templates/single-product/add-to, em /home/wilson/projetos/laurenpapelaria/wp-content/plugins/woo-correios-calculo-de-frete-na-pagina-do-produto/vendor/enshrined/svg-sanitize/src/Sanitizer.php, na linha 96

